<?xml version="1.0" encoding="UTF-8"?>
<testng-results total="33" passed="31" failed="2" skipped="0">
  <reporter-output>
  </reporter-output>
  <suite started-at="2023-05-12T06:27:59Z" name="IS Catalauge Automation Tests" finished-at="2023-05-12T06:52:22Z" duration-ms="1463435">
    <groups>
    </groups>
    <test started-at="2023-05-12T06:27:59Z" name="Validating IS Catalauge Login page test" finished-at="2023-05-12T06:28:50Z" duration-ms="50988">
      <class name="portfolio_test.user.TC01_UserLoginTest">
        <test-method is-config="true" signature="initialize()[pri:0, instance:portfolio_test.user.TC01_UserLoginTest@6ffab045]" started-at="2023-05-12T11:57:59Z" name="initialize" finished-at="2023-05-12T11:58:47Z" duration-ms="47499" status="PASS">
          <reporter-output>
          </reporter-output>
        </test-method> <!-- initialize -->
        <test-method signature="loginPageTitleTest()[pri:0, instance:portfolio_test.user.TC01_UserLoginTest@6ffab045]" started-at="2023-05-12T11:58:47Z" name="loginPageTitleTest" finished-at="2023-05-12T11:58:50Z" duration-ms="3041" status="PASS">
          <reporter-output>
          </reporter-output>
        </test-method> <!-- loginPageTitleTest -->
        <test-method is-config="true" signature="teardown()[pri:0, instance:portfolio_test.user.TC01_UserLoginTest@6ffab045]" started-at="2023-05-12T11:58:50Z" name="teardown" finished-at="2023-05-12T11:58:50Z" duration-ms="426" status="PASS">
          <reporter-output>
          </reporter-output>
        </test-method> <!-- teardown -->
      </class> <!-- portfolio_test.user.TC01_UserLoginTest -->
    </test> <!-- Validating IS Catalauge Login page test -->
    <test started-at="2023-05-12T06:28:51Z" name="Validating all links and pages present under Home page test" finished-at="2023-05-12T06:31:47Z" duration-ms="176131">
      <class name="portfolio_test.user.TC02_HomePage">
        <test-method is-config="true" signature="initialize()[pri:0, instance:portfolio_test.user.TC02_HomePage@2b62442c]" started-at="2023-05-12T11:58:51Z" name="initialize" finished-at="2023-05-12T11:59:36Z" duration-ms="45533" status="PASS">
          <reporter-output>
          </reporter-output>
        </test-method> <!-- initialize -->
        <test-method signature="verifyHomepage()[pri:0, instance:portfolio_test.user.TC02_HomePage@2b62442c]" started-at="2023-05-12T11:59:36Z" name="verifyHomepage" finished-at="2023-05-12T11:59:36Z" duration-ms="24" status="PASS">
          <reporter-output>
          </reporter-output>
        </test-method> <!-- verifyHomepage -->
        <test-method signature="verifyCatalogueNavigatorOnHomepage()[pri:0, instance:portfolio_test.user.TC02_HomePage@2b62442c]" started-at="2023-05-12T11:59:36Z" name="verifyCatalogueNavigatorOnHomepage" finished-at="2023-05-12T11:59:47Z" duration-ms="10704" status="PASS">
          <reporter-output>
          </reporter-output>
        </test-method> <!-- verifyCatalogueNavigatorOnHomepage -->
        <test-method signature="verifyCustomerEvidenceSectionOnHomepage()[pri:0, instance:portfolio_test.user.TC02_HomePage@2b62442c]" started-at="2023-05-12T11:59:47Z" name="verifyCustomerEvidenceSectionOnHomepage" finished-at="2023-05-12T11:59:52Z" duration-ms="5372" status="PASS">
          <reporter-output>
          </reporter-output>
        </test-method> <!-- verifyCustomerEvidenceSectionOnHomepage -->
        <test-method signature="verifyViewCampaignPageOnHomepage()[pri:0, instance:portfolio_test.user.TC02_HomePage@2b62442c]" started-at="2023-05-12T11:59:52Z" name="verifyViewCampaignPageOnHomepage" finished-at="2023-05-12T12:00:07Z" duration-ms="14463" status="PASS">
          <reporter-output>
          </reporter-output>
        </test-method> <!-- verifyViewCampaignPageOnHomepage -->
        <test-method signature="verifyCloudTransitionServicesPageOnHomepage()[pri:0, instance:portfolio_test.user.TC02_HomePage@2b62442c]" started-at="2023-05-12T12:00:07Z" name="verifyCloudTransitionServicesPageOnHomepage" finished-at="2023-05-12T12:00:18Z" duration-ms="10918" status="PASS">
          <reporter-output>
          </reporter-output>
        </test-method> <!-- verifyCloudTransitionServicesPageOnHomepage -->
        <test-method signature="VerifyCloudManagementOperationsPageOnHomepage()[pri:0, instance:portfolio_test.user.TC02_HomePage@2b62442c]" started-at="2023-05-12T12:00:18Z" name="VerifyCloudManagementOperationsPageOnHomepage" finished-at="2023-05-12T12:00:29Z" duration-ms="11198" status="PASS">
          <reporter-output>
          </reporter-output>
        </test-method> <!-- VerifyCloudManagementOperationsPageOnHomepage -->
        <test-method signature="VerifyDataStrategyPageOnHomepage()[pri:0, instance:portfolio_test.user.TC02_HomePage@2b62442c]" started-at="2023-05-12T12:00:29Z" name="VerifyDataStrategyPageOnHomepage" finished-at="2023-05-12T12:00:50Z" duration-ms="20726" status="PASS">
          <reporter-output>
          </reporter-output>
        </test-method> <!-- VerifyDataStrategyPageOnHomepage -->
        <test-method signature="VerifyViewalltopoffersPageOnHomepage()[pri:0, instance:portfolio_test.user.TC02_HomePage@2b62442c]" started-at="2023-05-12T12:00:50Z" name="VerifyViewalltopoffersPageOnHomepage" finished-at="2023-05-12T12:01:01Z" duration-ms="11316" status="PASS">
          <reporter-output>
          </reporter-output>
        </test-method> <!-- VerifyViewalltopoffersPageOnHomepage -->
        <test-method signature="VerifyCustomerEvidenceSearchPageFromHomepage()[pri:0, instance:portfolio_test.user.TC02_HomePage@2b62442c]" started-at="2023-05-12T12:01:01Z" name="VerifyCustomerEvidenceSearchPageFromHomepage" finished-at="2023-05-12T12:01:34Z" duration-ms="32857" status="PASS">
          <reporter-output>
          </reporter-output>
        </test-method> <!-- VerifyCustomerEvidenceSearchPageFromHomepage -->
        <test-method signature="VerifyPrivacyPageFromHomepage()[pri:0, instance:portfolio_test.user.TC02_HomePage@2b62442c]" started-at="2023-05-12T12:01:34Z" name="VerifyPrivacyPageFromHomepage" finished-at="2023-05-12T12:01:36Z" duration-ms="2121" status="PASS">
          <reporter-output>
          </reporter-output>
        </test-method> <!-- VerifyPrivacyPageFromHomepage -->
        <test-method signature="VerifyEurekaPageFromHomepage()[pri:0, instance:portfolio_test.user.TC02_HomePage@2b62442c]" started-at="2023-05-12T12:01:36Z" name="VerifyEurekaPageFromHomepage" finished-at="2023-05-12T12:01:47Z" duration-ms="10464" status="PASS">
          <reporter-output>
          </reporter-output>
        </test-method> <!-- VerifyEurekaPageFromHomepage -->
        <test-method is-config="true" signature="teardown()[pri:0, instance:portfolio_test.user.TC02_HomePage@2b62442c]" started-at="2023-05-12T12:01:47Z" name="teardown" finished-at="2023-05-12T12:01:47Z" duration-ms="435" status="PASS">
          <reporter-output>
          </reporter-output>
        </test-method> <!-- teardown -->
      </class> <!-- portfolio_test.user.TC02_HomePage -->
    </test> <!-- Validating all links and pages present under Home page test -->
    <test started-at="2023-05-12T06:31:47Z" name="Validating all links and pages present under Catalogue menu test" finished-at="2023-05-12T06:52:22Z" duration-ms="1235444">
      <class name="portfolio_test.user.TC03_CatalogueTest">
        <test-method is-config="true" signature="initialize()[pri:0, instance:portfolio_test.user.TC03_CatalogueTest@63cd604c]" started-at="2023-05-12T12:01:47Z" name="initialize" finished-at="2023-05-12T12:02:32Z" duration-ms="44606" status="PASS">
          <reporter-output>
          </reporter-output>
        </test-method> <!-- initialize -->
        <test-method signature="verifyEmergingInnovationEngineeringPageOnCataloguePage()[pri:0, instance:portfolio_test.user.TC03_CatalogueTest@63cd604c]" started-at="2023-05-12T12:02:32Z" name="verifyEmergingInnovationEngineeringPageOnCataloguePage" finished-at="2023-05-12T12:03:09Z" duration-ms="37853" status="PASS">
          <reporter-output>
          </reporter-output>
        </test-method> <!-- verifyEmergingInnovationEngineeringPageOnCataloguePage -->
        <test-method signature="verifyAdoptionChangeandServicesManagementPageOnCataloguePage()[pri:0, instance:portfolio_test.user.TC03_CatalogueTest@63cd604c]" started-at="2023-05-12T12:03:09Z" name="verifyAdoptionChangeandServicesManagementPageOnCataloguePage" finished-at="2023-05-12T12:03:57Z" duration-ms="47146" status="PASS">
          <reporter-output>
          </reporter-output>
        </test-method> <!-- verifyAdoptionChangeandServicesManagementPageOnCataloguePage -->
        <test-method signature="verifyBusinessAppsPageButtonOnCataloguePage()[pri:0, instance:portfolio_test.user.TC03_CatalogueTest@63cd604c]" started-at="2023-05-12T12:03:57Z" name="verifyBusinessAppsPageButtonOnCataloguePage" finished-at="2023-05-12T12:05:03Z" duration-ms="66449" status="PASS">
          <reporter-output>
          </reporter-output>
        </test-method> <!-- verifyBusinessAppsPageButtonOnCataloguePage -->
        <test-method signature="verifyCrossSolutionAreaandFunctionalSolutionOnCataloguePage()[pri:0, instance:portfolio_test.user.TC03_CatalogueTest@63cd604c]" started-at="2023-05-12T12:05:03Z" name="verifyCrossSolutionAreaandFunctionalSolutionOnCataloguePage" finished-at="2023-05-12T12:05:37Z" duration-ms="34279" status="PASS">
          <reporter-output>
          </reporter-output>
        </test-method> <!-- verifyCrossSolutionAreaandFunctionalSolutionOnCataloguePage -->
        <test-method signature="verifyDigitalandApplicationInnovationOnCataloguePage()[pri:0, instance:portfolio_test.user.TC03_CatalogueTest@63cd604c]" started-at="2023-05-12T12:05:37Z" name="verifyDigitalandApplicationInnovationOnCataloguePage" finished-at="2023-05-12T12:06:46Z" duration-ms="68916" status="PASS">
          <reporter-output>
          </reporter-output>
        </test-method> <!-- verifyDigitalandApplicationInnovationOnCataloguePage -->
        <test-method signature="verifyDataandAIOnCataloguePage()[pri:0, instance:portfolio_test.user.TC03_CatalogueTest@63cd604c]" started-at="2023-05-12T12:06:46Z" name="verifyDataandAIOnCataloguePage" finished-at="2023-05-12T12:07:50Z" duration-ms="63573" status="PASS">
          <reporter-output>
          </reporter-output>
        </test-method> <!-- verifyDataandAIOnCataloguePage -->
        <test-method signature="verifyInfrastructureOnCataloguePage()[pri:0, instance:portfolio_test.user.TC03_CatalogueTest@63cd604c]" started-at="2023-05-12T12:07:50Z" name="verifyInfrastructureOnCataloguePage" finished-at="2023-05-12T12:08:44Z" duration-ms="53997" status="PASS">
          <reporter-output>
          </reporter-output>
        </test-method> <!-- verifyInfrastructureOnCataloguePage -->
        <test-method signature="verifyModernWorkOnCataloguePage()[pri:0, instance:portfolio_test.user.TC03_CatalogueTest@63cd604c]" started-at="2023-05-12T12:08:44Z" name="verifyModernWorkOnCataloguePage" finished-at="2023-05-12T12:09:50Z" duration-ms="66406" status="PASS">
          <reporter-output>
          </reporter-output>
        </test-method> <!-- verifyModernWorkOnCataloguePage -->
        <test-method signature="verifySecurityOnCataloguePage()[pri:0, instance:portfolio_test.user.TC03_CatalogueTest@63cd604c]" started-at="2023-05-12T12:09:50Z" name="verifySecurityOnCataloguePage" finished-at="2023-05-12T12:12:01Z" duration-ms="130356" status="PASS">
          <reporter-output>
          </reporter-output>
        </test-method> <!-- verifySecurityOnCataloguePage -->
        <test-method signature="verifyAutomotiveMobilityandTransportationOnCataloguePage()[pri:0, instance:portfolio_test.user.TC03_CatalogueTest@63cd604c]" started-at="2023-05-12T12:12:01Z" name="verifyAutomotiveMobilityandTransportationOnCataloguePage" finished-at="2023-05-12T12:12:44Z" duration-ms="43308" status="FAIL">
          <exception class="org.openqa.selenium.ElementNotInteractableException">
            <message>
              <![CDATA[element not interactable: [object HTMLButtonElement] has no size and location
  (Session info: MicrosoftEdge=113.0.1774.42)
Build info: version: '3.141.59', revision: 'e82be7d358', time: '2018-11-14T08:17:03'
System info: host: 'HJNZL000593', ip: '192.168.1.11', os.name: 'Windows 11', os.arch: 'amd64', os.version: '10.0', java.version: '18.0.2.1'
Driver info: org.openqa.selenium.edge.EdgeDriver
Capabilities {acceptInsecureCerts: false, browserName: msedge, browserVersion: 113.0.1774.42, javascriptEnabled: true, ms:edgeOptions: {debuggerAddress: localhost:62601}, msedge: {msedgedriverVersion: 113.0.1774.35 (7069649d6056..., userDataDir: C:\Users\V-SPED~1\AppData\L...}, networkConnectionEnabled: false, pageLoadStrategy: normal, platform: WINDOWS, platformName: WINDOWS, proxy: Proxy(), setWindowRect: true, strictFileInteractability: false, timeouts: {implicit: 0, pageLoad: 300000, script: 30000}, unhandledPromptBehavior: dismiss and notify, webauthn:extension:credBlob: true, webauthn:extension:largeBlob: true, webauthn:extension:minPinLength: true, webauthn:extension:prf: true, webauthn:virtualAuthenticators: true}
Session ID: 1545953b3abe7e75c5fc5ad091749371]]>
            </message>
            <full-stacktrace>
              <![CDATA[org.openqa.selenium.ElementNotInteractableException: element not interactable: [object HTMLButtonElement] has no size and location
  (Session info: MicrosoftEdge=113.0.1774.42)
Build info: version: '3.141.59', revision: 'e82be7d358', time: '2018-11-14T08:17:03'
System info: host: 'HJNZL000593', ip: '192.168.1.11', os.name: 'Windows 11', os.arch: 'amd64', os.version: '10.0', java.version: '18.0.2.1'
Driver info: org.openqa.selenium.edge.EdgeDriver
Capabilities {acceptInsecureCerts: false, browserName: msedge, browserVersion: 113.0.1774.42, javascriptEnabled: true, ms:edgeOptions: {debuggerAddress: localhost:62601}, msedge: {msedgedriverVersion: 113.0.1774.35 (7069649d6056..., userDataDir: C:\Users\V-SPED~1\AppData\L...}, networkConnectionEnabled: false, pageLoadStrategy: normal, platform: WINDOWS, platformName: WINDOWS, proxy: Proxy(), setWindowRect: true, strictFileInteractability: false, timeouts: {implicit: 0, pageLoad: 300000, script: 30000}, unhandledPromptBehavior: dismiss and notify, webauthn:extension:credBlob: true, webauthn:extension:largeBlob: true, webauthn:extension:minPinLength: true, webauthn:extension:prf: true, webauthn:virtualAuthenticators: true}
Session ID: 1545953b3abe7e75c5fc5ad091749371
	at java.base/jdk.internal.reflect.DirectConstructorHandleAccessor.newInstance(DirectConstructorHandleAccessor.java:67)
	at java.base/java.lang.reflect.Constructor.newInstanceWithCaller(Constructor.java:499)
	at java.base/java.lang.reflect.Constructor.newInstance(Constructor.java:483)
	at org.openqa.selenium.remote.http.W3CHttpResponseCodec.createException(W3CHttpResponseCodec.java:187)
	at org.openqa.selenium.remote.http.W3CHttpResponseCodec.decode(W3CHttpResponseCodec.java:122)
	at org.openqa.selenium.remote.http.W3CHttpResponseCodec.decode(W3CHttpResponseCodec.java:49)
	at org.openqa.selenium.remote.HttpCommandExecutor.execute(HttpCommandExecutor.java:158)
	at org.openqa.selenium.remote.service.DriverCommandExecutor.execute(DriverCommandExecutor.java:83)
	at org.openqa.selenium.remote.RemoteWebDriver.execute(RemoteWebDriver.java:552)
	at org.openqa.selenium.remote.RemoteWebDriver.perform(RemoteWebDriver.java:618)
	at org.openqa.selenium.interactions.Actions$BuiltAction.perform(Actions.java:639)
	at org.openqa.selenium.interactions.Actions.perform(Actions.java:595)
	at resources.Utilities.clickOnElementUsingActions(Utilities.java:111)
	at pageObjects.CataloguePage.clickPackageButton(CataloguePage.java:375)
	at portfolio_test.user.TC03_CatalogueTest.verifyAutomotiveMobilityandTransportationOnCataloguePage(TC03_CatalogueTest.java:744)
	at java.base/jdk.internal.reflect.DirectMethodHandleAccessor.invoke(DirectMethodHandleAccessor.java:104)
	at java.base/java.lang.reflect.Method.invoke(Method.java:577)
	at org.testng.internal.MethodInvocationHelper.invokeMethod(MethodInvocationHelper.java:80)
	at org.testng.internal.Invoker.invokeMethod(Invoker.java:714)
	at org.testng.internal.Invoker.invokeTestMethod(Invoker.java:901)
	at org.testng.internal.Invoker.invokeTestMethods(Invoker.java:1231)
	at org.testng.internal.TestMethodWorker.invokeTestMethods(TestMethodWorker.java:127)
	at org.testng.internal.TestMethodWorker.run(TestMethodWorker.java:111)
	at org.testng.TestRunner.privateRun(TestRunner.java:767)
	at org.testng.TestRunner.run(TestRunner.java:617)
	at org.testng.SuiteRunner.runTest(SuiteRunner.java:334)
	at org.testng.SuiteRunner.runSequentially(SuiteRunner.java:329)
	at org.testng.SuiteRunner.privateRun(SuiteRunner.java:291)
	at org.testng.SuiteRunner.run(SuiteRunner.java:240)
	at org.testng.SuiteRunnerWorker.runSuite(SuiteRunnerWorker.java:52)
	at org.testng.SuiteRunnerWorker.run(SuiteRunnerWorker.java:86)
	at org.testng.TestNG.runSuitesSequentially(TestNG.java:1198)
	at org.testng.TestNG.runSuitesLocally(TestNG.java:1123)
	at org.testng.TestNG.run(TestNG.java:1031)
	at org.apache.maven.surefire.testng.TestNGExecutor.run(TestNGExecutor.java:283)
	at org.apache.maven.surefire.testng.TestNGXmlTestSuite.execute(TestNGXmlTestSuite.java:75)
	at org.apache.maven.surefire.testng.TestNGProvider.invoke(TestNGProvider.java:120)
	at org.apache.maven.surefire.booter.ForkedBooter.invokeProviderInSameClassLoader(ForkedBooter.java:386)
	at org.apache.maven.surefire.booter.ForkedBooter.runSuitesInProcess(ForkedBooter.java:323)
	at org.apache.maven.surefire.booter.ForkedBooter.main(ForkedBooter.java:143)
]]>
            </full-stacktrace>
          </exception> <!-- org.openqa.selenium.ElementNotInteractableException -->
          <reporter-output>
          </reporter-output>
        </test-method> <!-- verifyAutomotiveMobilityandTransportationOnCataloguePage -->
        <test-method signature="verifyCrossIndustryOnCataloguePage()[pri:0, instance:portfolio_test.user.TC03_CatalogueTest@63cd604c]" started-at="2023-05-12T12:12:44Z" name="verifyCrossIndustryOnCataloguePage" finished-at="2023-05-12T12:13:28Z" duration-ms="43377" status="PASS">
          <reporter-output>
          </reporter-output>
        </test-method> <!-- verifyCrossIndustryOnCataloguePage -->
        <test-method signature="verifyDefenseandIntelligenceOnCataloguePage()[pri:0, instance:portfolio_test.user.TC03_CatalogueTest@63cd604c]" started-at="2023-05-12T12:13:28Z" name="verifyDefenseandIntelligenceOnCataloguePage" finished-at="2023-05-12T12:14:11Z" duration-ms="43676" status="PASS">
          <reporter-output>
          </reporter-output>
        </test-method> <!-- verifyDefenseandIntelligenceOnCataloguePage -->
        <test-method signature="verifyEducationOnCataloguePage()[pri:0, instance:portfolio_test.user.TC03_CatalogueTest@63cd604c]" started-at="2023-05-12T12:14:11Z" name="verifyEducationOnCataloguePage" finished-at="2023-05-12T12:14:53Z" duration-ms="41537" status="PASS">
          <reporter-output>
          </reporter-output>
        </test-method> <!-- verifyEducationOnCataloguePage -->
        <test-method signature="verifyEnergyandResourcesOnCataloguePage()[pri:0, instance:portfolio_test.user.TC03_CatalogueTest@63cd604c]" started-at="2023-05-12T12:14:53Z" name="verifyEnergyandResourcesOnCataloguePage" finished-at="2023-05-12T12:15:44Z" duration-ms="51108" status="PASS">
          <reporter-output>
          </reporter-output>
        </test-method> <!-- verifyEnergyandResourcesOnCataloguePage -->
        <test-method signature="verifyFinancialServicesOnCataloguePage()[pri:0, instance:portfolio_test.user.TC03_CatalogueTest@63cd604c]" started-at="2023-05-12T12:15:44Z" name="verifyFinancialServicesOnCataloguePage" finished-at="2023-05-12T12:16:31Z" duration-ms="46910" status="PASS">
          <reporter-output>
          </reporter-output>
        </test-method> <!-- verifyFinancialServicesOnCataloguePage -->
        <test-method signature="verifyGovernmentOnCataloguePage()[pri:0, instance:portfolio_test.user.TC03_CatalogueTest@63cd604c]" started-at="2023-05-12T12:16:31Z" name="verifyGovernmentOnCataloguePage" finished-at="2023-05-12T12:17:09Z" duration-ms="38470" status="PASS">
          <reporter-output>
          </reporter-output>
        </test-method> <!-- verifyGovernmentOnCataloguePage -->
        <test-method signature="verifyHealthcareOnCataloguePage()[pri:0, instance:portfolio_test.user.TC03_CatalogueTest@63cd604c]" started-at="2023-05-12T12:17:09Z" name="verifyHealthcareOnCataloguePage" finished-at="2023-05-12T12:19:19Z" duration-ms="129521" status="PASS">
          <reporter-output>
          </reporter-output>
        </test-method> <!-- verifyHealthcareOnCataloguePage -->
        <test-method signature="verifyIndustrialsandManufacturingOnCataloguePage()[pri:0, instance:portfolio_test.user.TC03_CatalogueTest@63cd604c]" started-at="2023-05-12T12:19:19Z" name="verifyIndustrialsandManufacturingOnCataloguePage" finished-at="2023-05-12T12:20:14Z" duration-ms="55470" status="PASS">
          <reporter-output>
          </reporter-output>
        </test-method> <!-- verifyIndustrialsandManufacturingOnCataloguePage -->
        <test-method signature="verifyRetailandConsumerGoodsOnCataloguePage()[pri:0, instance:portfolio_test.user.TC03_CatalogueTest@63cd604c]" started-at="2023-05-12T12:20:14Z" name="verifyRetailandConsumerGoodsOnCataloguePage" finished-at="2023-05-12T12:21:08Z" duration-ms="53531" status="PASS">
          <reporter-output>
          </reporter-output>
        </test-method> <!-- verifyRetailandConsumerGoodsOnCataloguePage -->
        <test-method signature="verifySustainabilityOnCataloguePage()[pri:0, instance:portfolio_test.user.TC03_CatalogueTest@63cd604c]" started-at="2023-05-12T12:21:08Z" name="verifySustainabilityOnCataloguePage" finished-at="2023-05-12T12:21:34Z" duration-ms="26525" status="FAIL">
          <exception class="java.lang.AssertionError">
            <message>
              <![CDATA[expected [true] but found [false]]]>
            </message>
            <full-stacktrace>
              <![CDATA[java.lang.AssertionError: expected [true] but found [false]
	at org.testng.Assert.fail(Assert.java:94)
	at org.testng.Assert.failNotEquals(Assert.java:494)
	at org.testng.Assert.assertTrue(Assert.java:42)
	at org.testng.Assert.assertTrue(Assert.java:52)
	at portfolio_test.user.TC03_CatalogueTest.verifySustainabilityOnCataloguePage(TC03_CatalogueTest.java:1336)
	at java.base/jdk.internal.reflect.DirectMethodHandleAccessor.invoke(DirectMethodHandleAccessor.java:104)
	at java.base/java.lang.reflect.Method.invoke(Method.java:577)
	at org.testng.internal.MethodInvocationHelper.invokeMethod(MethodInvocationHelper.java:80)
	at org.testng.internal.Invoker.invokeMethod(Invoker.java:714)
	at org.testng.internal.Invoker.invokeTestMethod(Invoker.java:901)
	at org.testng.internal.Invoker.invokeTestMethods(Invoker.java:1231)
	at org.testng.internal.TestMethodWorker.invokeTestMethods(TestMethodWorker.java:127)
	at org.testng.internal.TestMethodWorker.run(TestMethodWorker.java:111)
	at org.testng.TestRunner.privateRun(TestRunner.java:767)
	at org.testng.TestRunner.run(TestRunner.java:617)
	at org.testng.SuiteRunner.runTest(SuiteRunner.java:334)
	at org.testng.SuiteRunner.runSequentially(SuiteRunner.java:329)
	at org.testng.SuiteRunner.privateRun(SuiteRunner.java:291)
	at org.testng.SuiteRunner.run(SuiteRunner.java:240)
	at org.testng.SuiteRunnerWorker.runSuite(SuiteRunnerWorker.java:52)
	at org.testng.SuiteRunnerWorker.run(SuiteRunnerWorker.java:86)
	at org.testng.TestNG.runSuitesSequentially(TestNG.java:1198)
	at org.testng.TestNG.runSuitesLocally(TestNG.java:1123)
	at org.testng.TestNG.run(TestNG.java:1031)
	at org.apache.maven.surefire.testng.TestNGExecutor.run(TestNGExecutor.java:283)
	at org.apache.maven.surefire.testng.TestNGXmlTestSuite.execute(TestNGXmlTestSuite.java:75)
	at org.apache.maven.surefire.testng.TestNGProvider.invoke(TestNGProvider.java:120)
	at org.apache.maven.surefire.booter.ForkedBooter.invokeProviderInSameClassLoader(ForkedBooter.java:386)
	at org.apache.maven.surefire.booter.ForkedBooter.runSuitesInProcess(ForkedBooter.java:323)
	at org.apache.maven.surefire.booter.ForkedBooter.main(ForkedBooter.java:143)
]]>
            </full-stacktrace>
          </exception> <!-- java.lang.AssertionError -->
          <reporter-output>
          </reporter-output>
        </test-method> <!-- verifySustainabilityOnCataloguePage -->
        <test-method signature="verifyTelecommunicationsandMediaOnCataloguePage()[pri:0, instance:portfolio_test.user.TC03_CatalogueTest@63cd604c]" started-at="2023-05-12T12:21:35Z" name="verifyTelecommunicationsandMediaOnCataloguePage" finished-at="2023-05-12T12:22:22Z" duration-ms="47042" status="PASS">
          <reporter-output>
          </reporter-output>
        </test-method> <!-- verifyTelecommunicationsandMediaOnCataloguePage -->
        <test-method is-config="true" signature="teardown()[pri:0, instance:portfolio_test.user.TC03_CatalogueTest@63cd604c]" started-at="2023-05-12T12:22:22Z" name="teardown" finished-at="2023-05-12T12:22:22Z" duration-ms="711" status="PASS">
          <reporter-output>
          </reporter-output>
        </test-method> <!-- teardown -->
      </class> <!-- portfolio_test.user.TC03_CatalogueTest -->
    </test> <!-- Validating all links and pages present under Catalogue menu test -->
  </suite> <!-- IS Catalauge Automation Tests -->
</testng-results>
