<?xml version="1.0" encoding="UTF-8"?>
<testsuite xmlns:xsi="http://www.w3.org/2001/XMLSchema-instance" xsi:noNamespaceSchemaLocation="https://maven.apache.org/surefire/maven-surefire-plugin/xsd/surefire-test-report.xsd" name="TestSuite" time="1,465.993" tests="33" errors="0" skipped="0" failures="2">
  <properties>
    <property name="java.specification.version" value="18"/>
    <property name="sun.cpu.isalist" value="amd64"/>
    <property name="sun.jnu.encoding" value="Cp1252"/>
    <property name="java.class.path" value="C:\Program Files\apache-maven-3.9.1\boot\plexus-classworlds-2.6.0.jar"/>
    <property name="java.vm.vendor" value="Oracle Corporation"/>
    <property name="sun.arch.data.model" value="64"/>
    <property name="user.variant" value=""/>
    <property name="java.vendor.url" value="https://java.oracle.com/"/>
    <property name="user.timezone" value="Asia/Calcutta"/>
    <property name="maven.conf" value="C:\Program Files\apache-maven-3.9.1/conf"/>
    <property name="java.vm.specification.version" value="18"/>
    <property name="os.name" value="Windows 11"/>
    <property name="sun.java.launcher" value="SUN_STANDARD"/>
    <property name="user.country" value="US"/>
    <property name="sun.boot.library.path" value="C:\Program Files\Java\jdk-18.0.2.1\bin"/>
    <property name="sun.java.command" value="org.codehaus.plexus.classworlds.launcher.Launcher clean test"/>
    <property name="jdk.debug" value="release"/>
    <property name="maven.home" value="C:\Program Files\apache-maven-3.9.1"/>
    <property name="sun.cpu.endian" value="little"/>
    <property name="user.home" value="C:\Users\v-spednekar"/>
    <property name="user.language" value="en"/>
    <property name="sun.stderr.encoding" value="cp437"/>
    <property name="java.specification.vendor" value="Oracle Corporation"/>
    <property name="java.version.date" value="2022-08-18"/>
    <property name="java.home" value="C:\Program Files\Java\jdk-18.0.2.1"/>
    <property name="file.separator" value="\"/>
    <property name="java.vm.compressedOopsMode" value="Zero based"/>
    <property name="line.separator" value="&#10;"/>
    <property name="sun.stdout.encoding" value="cp437"/>
    <property name="java.vm.specification.vendor" value="Oracle Corporation"/>
    <property name="java.specification.name" value="Java Platform API Specification"/>
    <property name="user.script" value=""/>
    <property name="sun.management.compiler" value="HotSpot 64-Bit Tiered Compilers"/>
    <property name="java.runtime.version" value="18.0.2.1+1-1"/>
    <property name="user.name" value="v-spednekar"/>
    <property name="path.separator" value=";"/>
    <property name="os.version" value="10.0"/>
    <property name="java.runtime.name" value="Java(TM) SE Runtime Environment"/>
    <property name="file.encoding" value="UTF-8"/>
    <property name="guice.disable.misplaced.annotation.check" value="true"/>
    <property name="java.vm.name" value="Java HotSpot(TM) 64-Bit Server VM"/>
    <property name="java.vendor.url.bug" value="https://bugreport.java.com/bugreport/"/>
    <property name="java.io.tmpdir" value="C:\Users\V-SPED~1\AppData\Local\Temp\"/>
    <property name="java.version" value="18.0.2.1"/>
    <property name="user.dir" value="C:\Users\v-spednekar\eclipse-workspace\ISCatalogue_Automation"/>
    <property name="os.arch" value="amd64"/>
    <property name="maven.multiModuleProjectDirectory" value="C:\Users\v-spednekar\eclipse-workspace\ISCatalogue_Automation"/>
    <property name="java.vm.specification.name" value="Java Virtual Machine Specification"/>
    <property name="sun.os.patch.level" value=""/>
    <property name="native.encoding" value="Cp1252"/>
    <property name="java.library.path" value="C:\Program Files\Java\jdk-18.0.2.1\bin;C:\WINDOWS\Sun\Java\bin;C:\WINDOWS\system32;C:\WINDOWS;C:\Program Files\Java\jdk-18.0.2.1\bin;C:\Program Files\Common Files\Oracle\Java\javapath;C:\WINDOWS\system32;C:\WINDOWS;C:\WINDOWS\System32\Wbem;C:\WINDOWS\System32\WindowsPowerShell\v1.0\;C:\WINDOWS\System32\OpenSSH\;C:\Program Files (x86)\Microsoft SQL Server\150\DTS\Binn\;C:\Program Files\dotnet\;C:\Program Files\Microsoft SQL Server\150\Tools\Binn\;C:\Program Files\Microsoft SQL Server\Client SDK\ODBC\170\Tools\Binn\;C:\WINDOWS\system32;C:\WINDOWS;C:\WINDOWS\System32\Wbem;C:\WINDOWS\System32\WindowsPowerShell\v1.0\;C:\WINDOWS\System32\OpenSSH\;C:\Program Files (x86)\Microsoft SQL Server\160\DTS\Binn\;C:\Program Files\Azure Data Studio\bin;C:\Program Files\apache-maven-3.9.1\bin;C:\Program Files\Git\cmd;C:\Program Files\Java\jdk-18.0.2.1\bin;C:\Program Files\Common Files\Oracle\Java\javapath;C:\WINDOWS\system32;C:\WINDOWS;C:\WINDOWS\System32\Wbem;C:\WINDOWS\System32\WindowsPowerShell\v1.0\;C:\WINDOWS\System32\OpenSSH\;C:\Program Files (x86)\Microsoft SQL Server\150\DTS\Binn\;C:\Program Files\dotnet\;C:\Program Files\Microsoft SQL Server\150\Tools\Binn\;C:\Program Files\Microsoft SQL Server\Client SDK\ODBC\170\Tools\Binn\;C:\WINDOWS\system32;C:\WINDOWS;C:\WINDOWS\System32\Wbem;C:\WINDOWS\System32\WindowsPowerShell\v1.0\;C:\WINDOWS\System32\OpenSSH\;C:\Program Files (x86)\Microsoft SQL Server\160\DTS\Binn\;C:\Program Files\Azure Data Studio\bin;C:\Program Files\Git\cmd;C:\Program Files\apache-maven-3.9.1\bin;C:\Users\v-spednekar\AppData\Local\Microsoft\WindowsApps;C:\Program Files\TestProject Agent;C:\Users\v-spednekar\.dotnet\tools;;C:\Program Files\Azure Data Studio\bin;D:\Automation\edgedriver_win64;."/>
    <property name="java.vm.info" value="mixed mode, sharing"/>
    <property name="java.vendor" value="Oracle Corporation"/>
    <property name="java.vm.version" value="18.0.2.1+1-1"/>
    <property name="classworlds.conf" value="C:\Program Files\apache-maven-3.9.1\bin\m2.conf"/>
    <property name="sun.io.unicode.encoding" value="UnicodeLittle"/>
    <property name="library.jansi.path" value="C:\Program Files\apache-maven-3.9.1\lib\jansi-native"/>
    <property name="java.class.version" value="62.0"/>
  </properties>
  <testcase name="loginPageTitleTest" classname="portfolio_test.user.TC01_UserLoginTest" time="3.033"/>
  <testcase name="verifyHomepage" classname="portfolio_test.user.TC02_HomePage" time="0.024"/>
  <testcase name="verifyCatalogueNavigatorOnHomepage" classname="portfolio_test.user.TC02_HomePage" time="10.704"/>
  <testcase name="verifyCustomerEvidenceSectionOnHomepage" classname="portfolio_test.user.TC02_HomePage" time="5.372"/>
  <testcase name="verifyViewCampaignPageOnHomepage" classname="portfolio_test.user.TC02_HomePage" time="14.463"/>
  <testcase name="verifyCloudTransitionServicesPageOnHomepage" classname="portfolio_test.user.TC02_HomePage" time="10.918"/>
  <testcase name="VerifyCloudManagementOperationsPageOnHomepage" classname="portfolio_test.user.TC02_HomePage" time="11.198"/>
  <testcase name="VerifyDataStrategyPageOnHomepage" classname="portfolio_test.user.TC02_HomePage" time="20.726"/>
  <testcase name="VerifyViewalltopoffersPageOnHomepage" classname="portfolio_test.user.TC02_HomePage" time="11.316"/>
  <testcase name="VerifyCustomerEvidenceSearchPageFromHomepage" classname="portfolio_test.user.TC02_HomePage" time="32.857"/>
  <testcase name="VerifyPrivacyPageFromHomepage" classname="portfolio_test.user.TC02_HomePage" time="2.121"/>
  <testcase name="VerifyEurekaPageFromHomepage" classname="portfolio_test.user.TC02_HomePage" time="10.464"/>
  <testcase name="verifyEmergingInnovationEngineeringPageOnCataloguePage" classname="portfolio_test.user.TC03_CatalogueTest" time="37.853"/>
  <testcase name="verifyAdoptionChangeandServicesManagementPageOnCataloguePage" classname="portfolio_test.user.TC03_CatalogueTest" time="47.145"/>
  <testcase name="verifyBusinessAppsPageButtonOnCataloguePage" classname="portfolio_test.user.TC03_CatalogueTest" time="66.449"/>
  <testcase name="verifyCrossSolutionAreaandFunctionalSolutionOnCataloguePage" classname="portfolio_test.user.TC03_CatalogueTest" time="34.279"/>
  <testcase name="verifyDigitalandApplicationInnovationOnCataloguePage" classname="portfolio_test.user.TC03_CatalogueTest" time="68.916"/>
  <testcase name="verifyDataandAIOnCataloguePage" classname="portfolio_test.user.TC03_CatalogueTest" time="63.573"/>
  <testcase name="verifyInfrastructureOnCataloguePage" classname="portfolio_test.user.TC03_CatalogueTest" time="53.997"/>
  <testcase name="verifyModernWorkOnCataloguePage" classname="portfolio_test.user.TC03_CatalogueTest" time="66.406"/>
  <testcase name="verifySecurityOnCataloguePage" classname="portfolio_test.user.TC03_CatalogueTest" time="130.356"/>
  <testcase name="verifyAutomotiveMobilityandTransportationOnCataloguePage" classname="portfolio_test.user.TC03_CatalogueTest" time="43.323">
    <failure message="element not interactable: [object HTMLButtonElement] has no size and location&#10;  (Session info: MicrosoftEdge=113.0.1774.42)&#10;Build info: version: &apos;3.141.59&apos;, revision: &apos;e82be7d358&apos;, time: &apos;2018-11-14T08:17:03&apos;&#10;System info: host: &apos;HJNZL000593&apos;, ip: &apos;192.168.1.11&apos;, os.name: &apos;Windows 11&apos;, os.arch: &apos;amd64&apos;, os.version: &apos;10.0&apos;, java.version: &apos;18.0.2.1&apos;&#10;Driver info: org.openqa.selenium.edge.EdgeDriver&#10;Capabilities {acceptInsecureCerts: false, browserName: msedge, browserVersion: 113.0.1774.42, javascriptEnabled: true, ms:edgeOptions: {debuggerAddress: localhost:62601}, msedge: {msedgedriverVersion: 113.0.1774.35 (7069649d6056..., userDataDir: C:\Users\V-SPED~1\AppData\L...}, networkConnectionEnabled: false, pageLoadStrategy: normal, platform: WINDOWS, platformName: WINDOWS, proxy: Proxy(), setWindowRect: true, strictFileInteractability: false, timeouts: {implicit: 0, pageLoad: 300000, script: 30000}, unhandledPromptBehavior: dismiss and notify, webauthn:extension:credBlob: true, webauthn:extension:largeBlob: true, webauthn:extension:minPinLength: true, webauthn:extension:prf: true, webauthn:virtualAuthenticators: true}&#10;Session ID: 1545953b3abe7e75c5fc5ad091749371" type="org.openqa.selenium.ElementNotInteractableException">org.openqa.selenium.ElementNotInteractableException: 
element not interactable: [object HTMLButtonElement] has no size and location
  (Session info: MicrosoftEdge=113.0.1774.42)
Build info: version: '3.141.59', revision: 'e82be7d358', time: '2018-11-14T08:17:03'
System info: host: 'HJNZL000593', ip: '192.168.1.11', os.name: 'Windows 11', os.arch: 'amd64', os.version: '10.0', java.version: '18.0.2.1'
Driver info: org.openqa.selenium.edge.EdgeDriver
Capabilities {acceptInsecureCerts: false, browserName: msedge, browserVersion: 113.0.1774.42, javascriptEnabled: true, ms:edgeOptions: {debuggerAddress: localhost:62601}, msedge: {msedgedriverVersion: 113.0.1774.35 (7069649d6056..., userDataDir: C:\Users\V-SPED~1\AppData\L...}, networkConnectionEnabled: false, pageLoadStrategy: normal, platform: WINDOWS, platformName: WINDOWS, proxy: Proxy(), setWindowRect: true, strictFileInteractability: false, timeouts: {implicit: 0, pageLoad: 300000, script: 30000}, unhandledPromptBehavior: dismiss and notify, webauthn:extension:credBlob: true, webauthn:extension:largeBlob: true, webauthn:extension:minPinLength: true, webauthn:extension:prf: true, webauthn:virtualAuthenticators: true}
Session ID: 1545953b3abe7e75c5fc5ad091749371
	at portfolio_test.user.TC03_CatalogueTest.verifyAutomotiveMobilityandTransportationOnCataloguePage(TC03_CatalogueTest.java:744)
</failure>
    <system-out><![CDATA[Subscribe button working as expected 
Industry stat cound and table is verified 
Evidence displaed as expected =Komatsu- AVOps Win Wire
Region: United States
Solution: Autonomous Vehicle Operations (AVOps)
Win Wires
Published: April 3, 2023
Evidence displaed as expected
BOB is displayed and able to download 
]]></system-out>
  </testcase>
  <testcase name="verifyCrossIndustryOnCataloguePage" classname="portfolio_test.user.TC03_CatalogueTest" time="43.377"/>
  <testcase name="verifyDefenseandIntelligenceOnCataloguePage" classname="portfolio_test.user.TC03_CatalogueTest" time="43.676"/>
  <testcase name="verifyEducationOnCataloguePage" classname="portfolio_test.user.TC03_CatalogueTest" time="41.537"/>
  <testcase name="verifyEnergyandResourcesOnCataloguePage" classname="portfolio_test.user.TC03_CatalogueTest" time="51.108"/>
  <testcase name="verifyFinancialServicesOnCataloguePage" classname="portfolio_test.user.TC03_CatalogueTest" time="46.91"/>
  <testcase name="verifyGovernmentOnCataloguePage" classname="portfolio_test.user.TC03_CatalogueTest" time="38.47"/>
  <testcase name="verifyHealthcareOnCataloguePage" classname="portfolio_test.user.TC03_CatalogueTest" time="129.521"/>
  <testcase name="verifyIndustrialsandManufacturingOnCataloguePage" classname="portfolio_test.user.TC03_CatalogueTest" time="55.47"/>
  <testcase name="verifyRetailandConsumerGoodsOnCataloguePage" classname="portfolio_test.user.TC03_CatalogueTest" time="53.531"/>
  <testcase name="verifySustainabilityOnCataloguePage" classname="portfolio_test.user.TC03_CatalogueTest" time="26.525">
    <failure message="expected [true] but found [false]" type="java.lang.AssertionError">java.lang.AssertionError: expected [true] but found [false]
	at portfolio_test.user.TC03_CatalogueTest.verifySustainabilityOnCataloguePage(TC03_CatalogueTest.java:1336)
</failure>
    <system-out><![CDATA[UnSubscribe button working as expected 
]]></system-out>
  </testcase>
  <testcase name="verifyTelecommunicationsandMediaOnCataloguePage" classname="portfolio_test.user.TC03_CatalogueTest" time="47.042"/>
</testsuite>