<!DOCTYPE html>

<html>
  <head>
  <title>TestNG reports</title>

    <link type="text/css" href="testng-reports.css" rel="stylesheet" />  
    <script type="text/javascript" src="jquery-1.7.1.min.js"></script>
    <script type="text/javascript" src="testng-reports.js"></script>
    <script type="text/javascript" src="https://www.google.com/jsapi"></script>
    <script type='text/javascript'>
      google.load('visualization', '1', {packages:['table']});
      google.setOnLoadCallback(drawTable);
      var suiteTableInitFunctions = new Array();
      var suiteTableData = new Array();
    </script>
    <!--
      <script type="text/javascript" src="jquery-ui/js/jquery-ui-1.8.16.custom.min.js"></script>
     -->
  </head>

  <body>
    <div class="top-banner-root">
      <span class="top-banner-title-font">Test results</span>
      <br/>
      <span class="top-banner-font-1">1 suite, 1 failed test</span>
    </div> <!-- top-banner-root -->
    <div class="navigator-root">
      <div class="navigator-suite-header">
        <span>All suites</span>
        <a href="#" title="Collapse/expand all the suites" class="collapse-all-link">
          <img src="collapseall.gif" class="collapse-all-icon">
          </img> <!-- collapse-all-icon -->
        </a> <!-- collapse-all-link -->
      </div> <!-- navigator-suite-header -->
      <div class="suite">
        <div class="rounded-window">
          <div class="suite-header light-rounded-window-top">
            <a href="#" panel-name="suite-IS_Catalauge_Automation_Tests" class="navigator-link">
              <span class="suite-name border-failed">IS Catalauge Automation Tests</span>
            </a> <!-- navigator-link -->
          </div> <!-- suite-header light-rounded-window-top -->
          <div class="navigator-suite-content">
            <div class="suite-section-title">
              <span>Info</span>
            </div> <!-- suite-section-title -->
            <div class="suite-section-content">
              <ul>
                <li>
                  <a href="#" panel-name="test-xml-IS_Catalauge_Automation_Tests" class="navigator-link ">
                    <span>C:\Users\v-spednekar\eclipse-workspace\ISCatalogue_Automation\testng.xml</span>
                  </a> <!-- navigator-link  -->
                </li>
                <li>
                  <a href="#" panel-name="testlist-IS_Catalauge_Automation_Tests" class="navigator-link ">
                    <span class="test-stats">2 tests</span>
                  </a> <!-- navigator-link  -->
                </li>
                <li>
                  <a href="#" panel-name="group-IS_Catalauge_Automation_Tests" class="navigator-link ">
                    <span>0 groups</span>
                  </a> <!-- navigator-link  -->
                </li>
                <li>
                  <a href="#" panel-name="times-IS_Catalauge_Automation_Tests" class="navigator-link ">
                    <span>Times</span>
                  </a> <!-- navigator-link  -->
                </li>
                <li>
                  <a href="#" panel-name="reporter-IS_Catalauge_Automation_Tests" class="navigator-link ">
                    <span>Reporter output</span>
                  </a> <!-- navigator-link  -->
                </li>
                <li>
                  <a href="#" panel-name="ignored-methods-IS_Catalauge_Automation_Tests" class="navigator-link ">
                    <span>Ignored methods</span>
                  </a> <!-- navigator-link  -->
                </li>
                <li>
                  <a href="#" panel-name="chronological-IS_Catalauge_Automation_Tests" class="navigator-link ">
                    <span>Chronological view</span>
                  </a> <!-- navigator-link  -->
                </li>
              </ul>
            </div> <!-- suite-section-content -->
            <div class="result-section">
              <div class="suite-section-title">
                <span>Results</span>
              </div> <!-- suite-section-title -->
              <div class="suite-section-content">
                <ul>
                  <li>
                    <span class="method-stats">11 methods, 1 failed,   10 passed</span>
                  </li>
                  <li>
                    <span class="method-list-title failed">Failed methods</span>
                    <span class="show-or-hide-methods failed">
                      <a href="#" panel-name="suite-IS_Catalauge_Automation_Tests" class="hide-methods failed suite-IS_Catalauge_Automation_Tests"> (hide)</a> <!-- hide-methods failed suite-IS_Catalauge_Automation_Tests -->
                      <a href="#" panel-name="suite-IS_Catalauge_Automation_Tests" class="show-methods failed suite-IS_Catalauge_Automation_Tests"> (show)</a> <!-- show-methods failed suite-IS_Catalauge_Automation_Tests -->
                    </span>
                    <div class="method-list-content failed suite-IS_Catalauge_Automation_Tests">
                      <span>
                        <img src="failed.png" width="3%"/>
                        <a href="#" panel-name="suite-IS_Catalauge_Automation_Tests" title="portfolio_test.user.TC02_HomePage" class="method navigator-link" hash-for-method="VerifyProductInnovationDevelopmentServicesPageOnHomepage">VerifyProductInnovationDevelopmentServicesPageOnHomepage</a> <!-- method navigator-link -->
                      </span>
                      <br/>
                    </div> <!-- method-list-content failed suite-IS_Catalauge_Automation_Tests -->
                  </li>
                  <li>
                    <span class="method-list-title passed">Passed methods</span>
                    <span class="show-or-hide-methods passed">
                      <a href="#" panel-name="suite-IS_Catalauge_Automation_Tests" class="hide-methods passed suite-IS_Catalauge_Automation_Tests"> (hide)</a> <!-- hide-methods passed suite-IS_Catalauge_Automation_Tests -->
                      <a href="#" panel-name="suite-IS_Catalauge_Automation_Tests" class="show-methods passed suite-IS_Catalauge_Automation_Tests"> (show)</a> <!-- show-methods passed suite-IS_Catalauge_Automation_Tests -->
                    </span>
                    <div class="method-list-content passed suite-IS_Catalauge_Automation_Tests">
                      <span>
                        <img src="passed.png" width="3%"/>
                        <a href="#" panel-name="suite-IS_Catalauge_Automation_Tests" title="portfolio_test.user.TC02_HomePage" class="method navigator-link" hash-for-method="VerifyCloudManagementOperationsPageOnHomepage">VerifyCloudManagementOperationsPageOnHomepage</a> <!-- method navigator-link -->
                      </span>
                      <br/>
                      <span>
                        <img src="passed.png" width="3%"/>
                        <a href="#" panel-name="suite-IS_Catalauge_Automation_Tests" title="portfolio_test.user.TC02_HomePage" class="method navigator-link" hash-for-method="VerifyCustomerEvidenceSearchPageFromHomepage">VerifyCustomerEvidenceSearchPageFromHomepage</a> <!-- method navigator-link -->
                      </span>
                      <br/>
                      <span>
                        <img src="passed.png" width="3%"/>
                        <a href="#" panel-name="suite-IS_Catalauge_Automation_Tests" title="portfolio_test.user.TC02_HomePage" class="method navigator-link" hash-for-method="VerifyEurekaPageFromHomepage">VerifyEurekaPageFromHomepage</a> <!-- method navigator-link -->
                      </span>
                      <br/>
                      <span>
                        <img src="passed.png" width="3%"/>
                        <a href="#" panel-name="suite-IS_Catalauge_Automation_Tests" title="portfolio_test.user.TC02_HomePage" class="method navigator-link" hash-for-method="VerifyViewalltopoffersPageOnHomepage">VerifyViewalltopoffersPageOnHomepage</a> <!-- method navigator-link -->
                      </span>
                      <br/>
                      <span>
                        <img src="passed.png" width="3%"/>
                        <a href="#" panel-name="suite-IS_Catalauge_Automation_Tests" title="portfolio_test.user.TC01_UserLoginTest" class="method navigator-link" hash-for-method="loginPageTitleTest">loginPageTitleTest</a> <!-- method navigator-link -->
                      </span>
                      <br/>
                      <span>
                        <img src="passed.png" width="3%"/>
                        <a href="#" panel-name="suite-IS_Catalauge_Automation_Tests" title="portfolio_test.user.TC02_HomePage" class="method navigator-link" hash-for-method="verifyCatalogueNavigatorOnHomepage">verifyCatalogueNavigatorOnHomepage</a> <!-- method navigator-link -->
                      </span>
                      <br/>
                      <span>
                        <img src="passed.png" width="3%"/>
                        <a href="#" panel-name="suite-IS_Catalauge_Automation_Tests" title="portfolio_test.user.TC02_HomePage" class="method navigator-link" hash-for-method="verifyCloudTransitionServicesPageOnHomepage">verifyCloudTransitionServicesPageOnHomepage</a> <!-- method navigator-link -->
                      </span>
                      <br/>
                      <span>
                        <img src="passed.png" width="3%"/>
                        <a href="#" panel-name="suite-IS_Catalauge_Automation_Tests" title="portfolio_test.user.TC02_HomePage" class="method navigator-link" hash-for-method="verifyCustomerEvidenceSectionOnHomepage">verifyCustomerEvidenceSectionOnHomepage</a> <!-- method navigator-link -->
                      </span>
                      <br/>
                      <span>
                        <img src="passed.png" width="3%"/>
                        <a href="#" panel-name="suite-IS_Catalauge_Automation_Tests" title="portfolio_test.user.TC02_HomePage" class="method navigator-link" hash-for-method="verifyHomepage">verifyHomepage</a> <!-- method navigator-link -->
                      </span>
                      <br/>
                      <span>
                        <img src="passed.png" width="3%"/>
                        <a href="#" panel-name="suite-IS_Catalauge_Automation_Tests" title="portfolio_test.user.TC02_HomePage" class="method navigator-link" hash-for-method="verifyViewCampaignPageOnHomepage">verifyViewCampaignPageOnHomepage</a> <!-- method navigator-link -->
                      </span>
                      <br/>
                    </div> <!-- method-list-content passed suite-IS_Catalauge_Automation_Tests -->
                  </li>
                </ul>
              </div> <!-- suite-section-content -->
            </div> <!-- result-section -->
          </div> <!-- navigator-suite-content -->
        </div> <!-- rounded-window -->
      </div> <!-- suite -->
    </div> <!-- navigator-root -->
    <div class="wrapper">
      <div class="main-panel-root">
        <div panel-name="suite-IS_Catalauge_Automation_Tests" class="panel IS_Catalauge_Automation_Tests">
          <div class="suite-IS_Catalauge_Automation_Tests-class-failed">
            <div class="main-panel-header rounded-window-top">
              <img src="failed.png"/>
              <span class="class-name">portfolio_test.user.TC02_HomePage</span>
            </div> <!-- main-panel-header rounded-window-top -->
            <div class="main-panel-content rounded-window-bottom">
              <div class="method">
                <div class="method-content">
                  <a name="VerifyProductInnovationDevelopmentServicesPageOnHomepage">
                  </a> <!-- VerifyProductInnovationDevelopmentServicesPageOnHomepage -->
                  <span class="method-name">VerifyProductInnovationDevelopmentServicesPageOnHomepage</span>
                  <div class="stack-trace"><b>"org.openqa.selenium.json.JsonException: java.lang.reflect.InvocationTargetException
Build info: version: &apos;3.141.59&apos;, revision: &apos;e82be7d358&apos;, time: &apos;2018-11-14T08:17:03&apos;
System info: host: &apos;HJNZL000593&apos;, ip: &apos;192.168.1.11&apos;, os.name: &apos;Windows 11&apos;, os.arch: &apos;amd64&apos;, os.version: &apos;10.0&apos;, java.version: &apos;18.0.2.1&apos;
Driver info: driver.version: RemoteWebDriver
	at org.openqa.selenium.json.JsonOutput.convertUsingMethod(JsonOutput.java:332)
	at org.openqa.selenium.json.JsonOutput.lambda$new$16(JsonOutput.java:155)
	at org.openqa.selenium.json.JsonOutput.write(JsonOutput.java:264)
	at org.openqa.selenium.json.JsonOutput.lambda$null$21(JsonOutput.java:168)
	at java.base/java.util.LinkedHashMap$LinkedValues.forEach(LinkedHashMap.java:647)
	at org.openqa.selenium.json.JsonOutput.lambda$new$22(JsonOutput.java:168)
	at org.openqa.selenium.json.JsonOutput.write(JsonOutput.java:264)
	at org.openqa.selenium.json.JsonOutput.lambda$null$23(JsonOutput.java:177)
	at com.google.common.collect.SingletonImmutableBiMap.forEach(SingletonImmutableBiMap.java:65)
	at org.openqa.selenium.json.JsonOutput.lambda$new$24(JsonOutput.java:176)
	at org.openqa.selenium.json.JsonOutput.write(JsonOutput.java:264)
	at org.openqa.selenium.json.JsonOutput.write(JsonOutput.java:255)
	at org.openqa.selenium.json.Json.toJson(Json.java:42)
	at org.openqa.selenium.remote.http.AbstractHttpCommandCodec.encode(AbstractHttpCommandCodec.java:227)
	at org.openqa.selenium.remote.http.AbstractHttpCommandCodec.encode(AbstractHttpCommandCodec.java:117)
	at org.openqa.selenium.remote.HttpCommandExecutor.execute(HttpCommandExecutor.java:152)
	at org.openqa.selenium.remote.service.DriverCommandExecutor.execute(DriverCommandExecutor.java:83)
	at org.openqa.selenium.remote.RemoteWebDriver.execute(RemoteWebDriver.java:552)
	at org.openqa.selenium.remote.RemoteWebDriver.perform(RemoteWebDriver.java:618)
	at org.openqa.selenium.interactions.Actions$BuiltAction.perform(Actions.java:639)
	at org.openqa.selenium.interactions.Actions.perform(Actions.java:595)
	at resources.Utilities.clickOnElementUsingActions(Utilities.java:111)
	at pageObjects.HomePage.clickOnProductInnovationDevelopmentServicesLink(HomePage.java:129)
	at portfolio_test.user.TC02_HomePage.VerifyProductInnovationDevelopmentServicesPageOnHomepage(TC02_HomePage.java:124)
	Suppressed: org.openqa.selenium.json.JsonException: Attempting to close incomplete json stream
Build info: version: &apos;3.141.59&apos;, revision: &apos;e82be7d358&apos;, time: &apos;2018-11-14T08:17:03&apos;
System info: host: &apos;HJNZL000593&apos;, ip: &apos;192.168.1.11&apos;, os.name: &apos;Windows 11&apos;, os.arch: &apos;amd64&apos;, os.version: &apos;10.0&apos;, java.version: &apos;18.0.2.1&apos;
Driver info: driver.version: RemoteWebDriver
		at org.openqa.selenium.json.JsonOutput.close(JsonOutput.java:279)
		at org.openqa.selenium.json.Json.toJson(Json.java:44)
		... 33 more
	at org.openqa.selenium.json.JsonOutput.convertUsingMethod(JsonOutput.java:328)
	... 45 more
Caused by: org.openqa.selenium.NoSuchElementException: no such element: Unable to locate element: {&quot;method&quot;:&quot;xpath&quot;,&quot;selector&quot;:&quot;//h4[contains(text(),&apos;Product Innovation Development Services&apos;)]&quot;}
  (Session info: MicrosoftEdge=112.0.1722.68)
For documentation on this error, please visit: https://www.seleniumhq.org/exceptions/no_such_element.html
Build info: version: &apos;3.141.59&apos;, revision: &apos;e82be7d358&apos;, time: &apos;2018-11-14T08:17:03&apos;
System info: host: &apos;HJNZL000593&apos;, ip: &apos;192.168.1.11&apos;, os.name: &apos;Windows 11&apos;, os.arch: &apos;amd64&apos;, os.version: &apos;10.0&apos;, java.version: &apos;18.0.2.1&apos;
Driver info: org.openqa.selenium.edge.EdgeDriver
Capabilities {acceptInsecureCerts: false, browserName: msedge, browserVersion: 112.0.1722.68, javascriptEnabled: true, ms:edgeOptions: {debuggerAddress: localhost:62998}, msedge: {msedgedriverVersion: 112.0.1722.71 (0dac4e4620b8..., userDataDir: C:\Users\V-SPED~1\AppData\L...}, networkConnectionEnabled: false, pageLoadStrategy: normal, platform: WINDOWS, platformName: WINDOWS, proxy: Proxy(), setWindowRect: true, strictFileInteractability: false, timeouts: {implicit: 0, pageLoad: 300000, script: 30000}, unhandledPromptBehavior: dismiss and notify, webauthn:extension:credBlob: true, webauthn:extension:largeBlob: true, webauthn:extension:minPinLength: true, webauthn:extension:prf: true, webauthn:virtualAuthenticators: true}
Session ID: 881b599f2c5af16423f48458e86687d3
*** Element info: {Using=xpath, value=//h4[contains(text(),&apos;Product Innovation Development Services&apos;)]}
	at org.openqa.selenium.remote.http.W3CHttpResponseCodec.createException(W3CHttpResponseCodec.java:187)
	at org.openqa.selenium.remote.http.W3CHttpResponseCodec.decode(W3CHttpResponseCodec.java:122)
	at org.openqa.selenium.remote.http.W3CHttpResponseCodec.decode(W3CHttpResponseCodec.java:49)
	at org.openqa.selenium.remote.HttpCommandExecutor.execute(HttpCommandExecutor.java:158)
	at org.openqa.selenium.remote.service.DriverCommandExecutor.execute(DriverCommandExecutor.java:83)
	at org.openqa.selenium.remote.RemoteWebDriver.execute(RemoteWebDriver.java:552)
	at org.openqa.selenium.remote.RemoteWebDriver.findElement(RemoteWebDriver.java:323)
	at org.openqa.selenium.remote.RemoteWebDriver.findElementByXPath(RemoteWebDriver.java:428)
	at org.openqa.selenium.By$ByXPath.findElement(By.java:353)
	at org.openqa.selenium.remote.RemoteWebDriver.findElement(RemoteWebDriver.java:315)
	at org.openqa.selenium.support.pagefactory.DefaultElementLocator.findElement(DefaultElementLocator.java:69)
	at org.openqa.selenium.support.pagefactory.internal.LocatingElementHandler.invoke(LocatingElementHandler.java:38)
	at jdk.proxy2/jdk.proxy2.$Proxy27.getWrappedElement(Unknown Source)
	at org.openqa.selenium.interactions.PointerInput$Origin.asArg(PointerInput.java:204)
	at org.openqa.selenium.interactions.PointerInput$Move.encode(PointerInput.java:155)
	at org.openqa.selenium.interactions.Sequence.encode(Sequence.java:75)
	at org.openqa.selenium.interactions.Sequence.toJson(Sequence.java:84)
	... 47 more
... Removed 29 stack frames<br/> org.openqa.selenium.json.JsonException: java.lang.reflect.InvocationTargetException
Build info: version: &apos;3.141.59&apos;, revision: &apos;e82be7d358&apos;, time: &apos;2018-11-14T08:17:03&apos;
System info: host: &apos;HJNZL000593&apos;, ip: &apos;192.168.1.11&apos;, os.name: &apos;Windows 11&apos;, os.arch: &apos;amd64&apos;, os.version: &apos;10.0&apos;, java.version: &apos;18.0.2.1&apos;
Driver info: driver.version: RemoteWebDriver
	at org.openqa.selenium.json.JsonOutput.convertUsingMethod(JsonOutput.java:332)
	at org.openqa.selenium.json.JsonOutput.lambda$new$16(JsonOutput.java:155)
	at org.openqa.selenium.json.JsonOutput.write(JsonOutput.java:264)
	at org.openqa.selenium.json.JsonOutput.lambda$null$21(JsonOutput.java:168)
	at java.base/java.util.LinkedHashMap$LinkedValues.forEach(LinkedHashMap.java:647)
	at org.openqa.selenium.json.JsonOutput.lambda$new$22(JsonOutput.java:168)
	at org.openqa.selenium.json.JsonOutput.write(JsonOutput.java:264)
	at org.openqa.selenium.json.JsonOutput.lambda$null$23(JsonOutput.java:177)
	at com.google.common.collect.SingletonImmutableBiMap.forEach(SingletonImmutableBiMap.java:65)
	at org.openqa.selenium.json.JsonOutput.lambda$new$24(JsonOutput.java:176)
	at org.openqa.selenium.json.JsonOutput.write(JsonOutput.java:264)
	at org.openqa.selenium.json.JsonOutput.write(JsonOutput.java:255)
	at org.openqa.selenium.json.Json.toJson(Json.java:42)
	at org.openqa.selenium.remote.http.AbstractHttpCommandCodec.encode(AbstractHttpCommandCodec.java:227)
	at org.openqa.selenium.remote.http.AbstractHttpCommandCodec.encode(AbstractHttpCommandCodec.java:117)
	at org.openqa.selenium.remote.HttpCommandExecutor.execute(HttpCommandExecutor.java:152)
	at org.openqa.selenium.remote.service.DriverCommandExecutor.execute(DriverCommandExecutor.java:83)
	at org.openqa.selenium.remote.RemoteWebDriver.execute(RemoteWebDriver.java:552)
	at org.openqa.selenium.remote.RemoteWebDriver.perform(RemoteWebDriver.java:618)
	at org.openqa.selenium.interactions.Actions$BuiltAction.perform(Actions.java:639)
	at org.openqa.selenium.interactions.Actions.perform(Actions.java:595)
	at resources.Utilities.clickOnElementUsingActions(Utilities.java:111)
	at pageObjects.HomePage.clickOnProductInnovationDevelopmentServicesLink(HomePage.java:129)
	at portfolio_test.user.TC02_HomePage.VerifyProductInnovationDevelopmentServicesPageOnHomepage(TC02_HomePage.java:124)
	at java.base/jdk.internal.reflect.DirectMethodHandleAccessor.invoke(DirectMethodHandleAccessor.java:104)
	at java.base/java.lang.reflect.Method.invoke(Method.java:577)
	at org.testng.internal.MethodInvocationHelper.invokeMethod(MethodInvocationHelper.java:80)
	at org.testng.internal.Invoker.invokeMethod(Invoker.java:714)
	at org.testng.internal.Invoker.invokeTestMethod(Invoker.java:901)
	at org.testng.internal.Invoker.invokeTestMethods(Invoker.java:1231)
	at org.testng.internal.TestMethodWorker.invokeTestMethods(TestMethodWorker.java:127)
	at org.testng.internal.TestMethodWorker.run(TestMethodWorker.java:111)
	at org.testng.TestRunner.privateRun(TestRunner.java:767)
	at org.testng.TestRunner.run(TestRunner.java:617)
	at org.testng.SuiteRunner.runTest(SuiteRunner.java:334)
	at org.testng.SuiteRunner.runSequentially(SuiteRunner.java:329)
	at org.testng.SuiteRunner.privateRun(SuiteRunner.java:291)
	at org.testng.SuiteRunner.run(SuiteRunner.java:240)
	at org.testng.SuiteRunnerWorker.runSuite(SuiteRunnerWorker.java:52)
	at org.testng.SuiteRunnerWorker.run(SuiteRunnerWorker.java:86)
	at org.testng.TestNG.runSuitesSequentially(TestNG.java:1198)
	at org.testng.TestNG.runSuitesLocally(TestNG.java:1123)
	at org.testng.TestNG.run(TestNG.java:1031)
	at org.testng.remote.AbstractRemoteTestNG.run(AbstractRemoteTestNG.java:115)
	at org.testng.remote.RemoteTestNG.initAndRun(RemoteTestNG.java:251)
	at org.testng.remote.RemoteTestNG.main(RemoteTestNG.java:77)
	Suppressed: org.openqa.selenium.json.JsonException: Attempting to close incomplete json stream
Build info: version: &apos;3.141.59&apos;, revision: &apos;e82be7d358&apos;, time: &apos;2018-11-14T08:17:03&apos;
System info: host: &apos;HJNZL000593&apos;, ip: &apos;192.168.1.11&apos;, os.name: &apos;Windows 11&apos;, os.arch: &apos;amd64&apos;, os.version: &apos;10.0&apos;, java.version: &apos;18.0.2.1&apos;
Driver info: driver.version: RemoteWebDriver
		at org.openqa.selenium.json.JsonOutput.close(JsonOutput.java:279)
		at org.openqa.selenium.json.Json.toJson(Json.java:44)
		... 33 more
Caused by: java.lang.reflect.InvocationTargetException
	at java.base/jdk.internal.reflect.DirectMethodHandleAccessor.invoke(DirectMethodHandleAccessor.java:119)
	at java.base/java.lang.reflect.Method.invoke(Method.java:577)
	at org.openqa.selenium.json.JsonOutput.convertUsingMethod(JsonOutput.java:328)
	... 45 more
Caused by: org.openqa.selenium.NoSuchElementException: no such element: Unable to locate element: {&quot;method&quot;:&quot;xpath&quot;,&quot;selector&quot;:&quot;//h4[contains(text(),&apos;Product Innovation Development Services&apos;)]&quot;}
  (Session info: MicrosoftEdge=112.0.1722.68)
For documentation on this error, please visit: https://www.seleniumhq.org/exceptions/no_such_element.html
Build info: version: &apos;3.141.59&apos;, revision: &apos;e82be7d358&apos;, time: &apos;2018-11-14T08:17:03&apos;
System info: host: &apos;HJNZL000593&apos;, ip: &apos;192.168.1.11&apos;, os.name: &apos;Windows 11&apos;, os.arch: &apos;amd64&apos;, os.version: &apos;10.0&apos;, java.version: &apos;18.0.2.1&apos;
Driver info: org.openqa.selenium.edge.EdgeDriver
Capabilities {acceptInsecureCerts: false, browserName: msedge, browserVersion: 112.0.1722.68, javascriptEnabled: true, ms:edgeOptions: {debuggerAddress: localhost:62998}, msedge: {msedgedriverVersion: 112.0.1722.71 (0dac4e4620b8..., userDataDir: C:\Users\V-SPED~1\AppData\L...}, networkConnectionEnabled: false, pageLoadStrategy: normal, platform: WINDOWS, platformName: WINDOWS, proxy: Proxy(), setWindowRect: true, strictFileInteractability: false, timeouts: {implicit: 0, pageLoad: 300000, script: 30000}, unhandledPromptBehavior: dismiss and notify, webauthn:extension:credBlob: true, webauthn:extension:largeBlob: true, webauthn:extension:minPinLength: true, webauthn:extension:prf: true, webauthn:virtualAuthenticators: true}
Session ID: 881b599f2c5af16423f48458e86687d3
*** Element info: {Using=xpath, value=//h4[contains(text(),&apos;Product Innovation Development Services&apos;)]}
	at java.base/jdk.internal.reflect.DirectConstructorHandleAccessor.newInstance(DirectConstructorHandleAccessor.java:67)
	at java.base/java.lang.reflect.Constructor.newInstanceWithCaller(Constructor.java:499)
	at java.base/java.lang.reflect.Constructor.newInstance(Constructor.java:483)
	at org.openqa.selenium.remote.http.W3CHttpResponseCodec.createException(W3CHttpResponseCodec.java:187)
	at org.openqa.selenium.remote.http.W3CHttpResponseCodec.decode(W3CHttpResponseCodec.java:122)
	at org.openqa.selenium.remote.http.W3CHttpResponseCodec.decode(W3CHttpResponseCodec.java:49)
	at org.openqa.selenium.remote.HttpCommandExecutor.execute(HttpCommandExecutor.java:158)
	at org.openqa.selenium.remote.service.DriverCommandExecutor.execute(DriverCommandExecutor.java:83)
	at org.openqa.selenium.remote.RemoteWebDriver.execute(RemoteWebDriver.java:552)
	at org.openqa.selenium.remote.RemoteWebDriver.findElement(RemoteWebDriver.java:323)
	at org.openqa.selenium.remote.RemoteWebDriver.findElementByXPath(RemoteWebDriver.java:428)
	at org.openqa.selenium.By$ByXPath.findElement(By.java:353)
	at org.openqa.selenium.remote.RemoteWebDriver.findElement(RemoteWebDriver.java:315)
	at org.openqa.selenium.support.pagefactory.DefaultElementLocator.findElement(DefaultElementLocator.java:69)
	at org.openqa.selenium.support.pagefactory.internal.LocatingElementHandler.invoke(LocatingElementHandler.java:38)
	at jdk.proxy2/jdk.proxy2.$Proxy27.getWrappedElement(Unknown Source)
	at org.openqa.selenium.interactions.PointerInput$Origin.asArg(PointerInput.java:204)
	at org.openqa.selenium.interactions.PointerInput$Move.encode(PointerInput.java:155)
	at org.openqa.selenium.interactions.Sequence.encode(Sequence.java:75)
	at org.openqa.selenium.interactions.Sequence.toJson(Sequence.java:84)
	at java.base/jdk.internal.reflect.DirectMethodHandleAccessor.invoke(DirectMethodHandleAccessor.java:104)
	... 47 more
"</b><br>org.openqa.selenium.json.JsonOutput.convertUsingMethod(JsonOutput.java:332)<br>org.openqa.selenium.json.JsonOutput.lambda$new$16(JsonOutput.java:155)<br>org.openqa.selenium.json.JsonOutput.write(JsonOutput.java:264)<br>org.openqa.selenium.json.JsonOutput.lambda$null$21(JsonOutput.java:168)<br>java.base/java.util.LinkedHashMap$LinkedValues.forEach(LinkedHashMap.java:647)<br>org.openqa.selenium.json.JsonOutput.lambda$new$22(JsonOutput.java:168)<br>org.openqa.selenium.json.JsonOutput.write(JsonOutput.java:264)<br>org.openqa.selenium.json.JsonOutput.lambda$null$23(JsonOutput.java:177)<br>com.google.common.collect.SingletonImmutableBiMap.forEach(SingletonImmutableBiMap.java:65)<br>org.openqa.selenium.json.JsonOutput.lambda$new$24(JsonOutput.java:176)<br>org.openqa.selenium.json.JsonOutput.write(JsonOutput.java:264)<br>org.openqa.selenium.json.JsonOutput.write(JsonOutput.java:255)<br>org.openqa.selenium.json.Json.toJson(Json.java:42)<br>org.openqa.selenium.remote.http.AbstractHttpCommandCodec.encode(AbstractHttpCommandCodec.java:227)<br>org.openqa.selenium.remote.http.AbstractHttpCommandCodec.encode(AbstractHttpCommandCodec.java:117)<br>org.openqa.selenium.remote.HttpCommandExecutor.execute(HttpCommandExecutor.java:152)<br>org.openqa.selenium.remote.service.DriverCommandExecutor.execute(DriverCommandExecutor.java:83)<br>org.openqa.selenium.remote.RemoteWebDriver.execute(RemoteWebDriver.java:552)<br>org.openqa.selenium.remote.RemoteWebDriver.perform(RemoteWebDriver.java:618)<br>org.openqa.selenium.interactions.Actions$BuiltAction.perform(Actions.java:639)<br>org.openqa.selenium.interactions.Actions.perform(Actions.java:595)<br>resources.Utilities.clickOnElementUsingActions(Utilities.java:111)<br>pageObjects.HomePage.clickOnProductInnovationDevelopmentServicesLink(HomePage.java:129)<br>portfolio_test.user.TC02_HomePage.VerifyProductInnovationDevelopmentServicesPageOnHomepage(TC02_HomePage.java:124)<br>java.base/jdk.internal.reflect.DirectMethodHandleAccessor.invoke(DirectMethodHandleAccessor.java:104)<br>java.base/java.lang.reflect.Method.invoke(Method.java:577)<br>org.testng.internal.MethodInvocationHelper.invokeMethod(MethodInvocationHelper.java:80)<br>org.testng.internal.Invoker.invokeMethod(Invoker.java:714)<br>org.testng.internal.Invoker.invokeTestMethod(Invoker.java:901)<br>org.testng.internal.Invoker.invokeTestMethods(Invoker.java:1231)<br>org.testng.internal.TestMethodWorker.invokeTestMethods(TestMethodWorker.java:127)<br>org.testng.internal.TestMethodWorker.run(TestMethodWorker.java:111)<br>org.testng.TestRunner.privateRun(TestRunner.java:767)<br>org.testng.TestRunner.run(TestRunner.java:617)<br>org.testng.SuiteRunner.runTest(SuiteRunner.java:334)<br>org.testng.SuiteRunner.runSequentially(SuiteRunner.java:329)<br>org.testng.SuiteRunner.privateRun(SuiteRunner.java:291)<br>org.testng.SuiteRunner.run(SuiteRunner.java:240)<br>org.testng.SuiteRunnerWorker.runSuite(SuiteRunnerWorker.java:52)<br>org.testng.SuiteRunnerWorker.run(SuiteRunnerWorker.java:86)<br>org.testng.TestNG.runSuitesSequentially(TestNG.java:1198)<br>org.testng.TestNG.runSuitesLocally(TestNG.java:1123)<br>org.testng.TestNG.run(TestNG.java:1031)<br>org.testng.remote.AbstractRemoteTestNG.run(AbstractRemoteTestNG.java:115)<br>org.testng.remote.RemoteTestNG.initAndRun(RemoteTestNG.java:251)<br>org.testng.remote.RemoteTestNG.main(RemoteTestNG.java:77)<br>
</div> <!-- stack-trace -->
                </div> <!-- method-content -->
              </div> <!-- method -->
            </div> <!-- main-panel-content rounded-window-bottom -->
          </div> <!-- suite-IS_Catalauge_Automation_Tests-class-failed -->
          <div class="suite-IS_Catalauge_Automation_Tests-class-passed">
            <div class="main-panel-header rounded-window-top">
              <img src="passed.png"/>
              <span class="class-name">portfolio_test.user.TC01_UserLoginTest</span>
            </div> <!-- main-panel-header rounded-window-top -->
            <div class="main-panel-content rounded-window-bottom">
              <div class="method">
                <div class="method-content">
                  <a name="loginPageTitleTest">
                  </a> <!-- loginPageTitleTest -->
                  <span class="method-name">loginPageTitleTest</span>
                </div> <!-- method-content -->
              </div> <!-- method -->
            </div> <!-- main-panel-content rounded-window-bottom -->
          </div> <!-- suite-IS_Catalauge_Automation_Tests-class-passed -->
          <div class="suite-IS_Catalauge_Automation_Tests-class-passed">
            <div class="main-panel-header rounded-window-top">
              <img src="passed.png"/>
              <span class="class-name">portfolio_test.user.TC02_HomePage</span>
            </div> <!-- main-panel-header rounded-window-top -->
            <div class="main-panel-content rounded-window-bottom">
              <div class="method">
                <div class="method-content">
                  <a name="VerifyCloudManagementOperationsPageOnHomepage">
                  </a> <!-- VerifyCloudManagementOperationsPageOnHomepage -->
                  <span class="method-name">VerifyCloudManagementOperationsPageOnHomepage</span>
                </div> <!-- method-content -->
              </div> <!-- method -->
              <div class="method">
                <div class="method-content">
                  <a name="VerifyCustomerEvidenceSearchPageFromHomepage">
                  </a> <!-- VerifyCustomerEvidenceSearchPageFromHomepage -->
                  <span class="method-name">VerifyCustomerEvidenceSearchPageFromHomepage</span>
                </div> <!-- method-content -->
              </div> <!-- method -->
              <div class="method">
                <div class="method-content">
                  <a name="VerifyEurekaPageFromHomepage">
                  </a> <!-- VerifyEurekaPageFromHomepage -->
                  <span class="method-name">VerifyEurekaPageFromHomepage</span>
                </div> <!-- method-content -->
              </div> <!-- method -->
              <div class="method">
                <div class="method-content">
                  <a name="VerifyViewalltopoffersPageOnHomepage">
                  </a> <!-- VerifyViewalltopoffersPageOnHomepage -->
                  <span class="method-name">VerifyViewalltopoffersPageOnHomepage</span>
                </div> <!-- method-content -->
              </div> <!-- method -->
              <div class="method">
                <div class="method-content">
                  <a name="verifyCatalogueNavigatorOnHomepage">
                  </a> <!-- verifyCatalogueNavigatorOnHomepage -->
                  <span class="method-name">verifyCatalogueNavigatorOnHomepage</span>
                </div> <!-- method-content -->
              </div> <!-- method -->
              <div class="method">
                <div class="method-content">
                  <a name="verifyCloudTransitionServicesPageOnHomepage">
                  </a> <!-- verifyCloudTransitionServicesPageOnHomepage -->
                  <span class="method-name">verifyCloudTransitionServicesPageOnHomepage</span>
                </div> <!-- method-content -->
              </div> <!-- method -->
              <div class="method">
                <div class="method-content">
                  <a name="verifyCustomerEvidenceSectionOnHomepage">
                  </a> <!-- verifyCustomerEvidenceSectionOnHomepage -->
                  <span class="method-name">verifyCustomerEvidenceSectionOnHomepage</span>
                </div> <!-- method-content -->
              </div> <!-- method -->
              <div class="method">
                <div class="method-content">
                  <a name="verifyHomepage">
                  </a> <!-- verifyHomepage -->
                  <span class="method-name">verifyHomepage</span>
                </div> <!-- method-content -->
              </div> <!-- method -->
              <div class="method">
                <div class="method-content">
                  <a name="verifyViewCampaignPageOnHomepage">
                  </a> <!-- verifyViewCampaignPageOnHomepage -->
                  <span class="method-name">verifyViewCampaignPageOnHomepage</span>
                </div> <!-- method-content -->
              </div> <!-- method -->
            </div> <!-- main-panel-content rounded-window-bottom -->
          </div> <!-- suite-IS_Catalauge_Automation_Tests-class-passed -->
        </div> <!-- panel IS_Catalauge_Automation_Tests -->
        <div panel-name="test-xml-IS_Catalauge_Automation_Tests" class="panel">
          <div class="main-panel-header rounded-window-top">
            <span class="header-content">C:\Users\v-spednekar\eclipse-workspace\ISCatalogue_Automation\testng.xml</span>
          </div> <!-- main-panel-header rounded-window-top -->
          <div class="main-panel-content rounded-window-bottom">
            <pre>
&lt;?xml version=&quot;1.0&quot; encoding=&quot;UTF-8&quot;?&gt;
&lt;!DOCTYPE suite SYSTEM &quot;http://testng.org/testng-1.0.dtd&quot;&gt;
&lt;suite parallel=&quot;none&quot; name=&quot;IS Catalauge Automation Tests&quot;&gt;
  &lt;listeners&gt;
    &lt;listener class-name=&quot;isCatalogue_test.Listeners&quot;/&gt;
  &lt;/listeners&gt;
  &lt;test name=&quot;Validating IS Catalauge Login page test&quot;&gt;
    &lt;classes&gt;
      &lt;class name=&quot;portfolio_test.user.TC01_UserLoginTest&quot;/&gt;
    &lt;/classes&gt;
  &lt;/test&gt; &lt;!-- Validating IS Catalauge Login page test --&gt;
  &lt;test name=&quot;Validating all links and pages present under Home page test&quot;&gt;
    &lt;classes&gt;
      &lt;class name=&quot;portfolio_test.user.TC02_HomePage&quot;/&gt;
    &lt;/classes&gt;
  &lt;/test&gt; &lt;!-- Validating all links and pages present under Home page test --&gt;
&lt;/suite&gt; &lt;!-- IS Catalauge Automation Tests --&gt;
            </pre>
          </div> <!-- main-panel-content rounded-window-bottom -->
        </div> <!-- panel -->
        <div panel-name="testlist-IS_Catalauge_Automation_Tests" class="panel">
          <div class="main-panel-header rounded-window-top">
            <span class="header-content">Tests for IS Catalauge Automation Tests</span>
          </div> <!-- main-panel-header rounded-window-top -->
          <div class="main-panel-content rounded-window-bottom">
            <ul>
              <li>
                <span class="test-name">Validating IS Catalauge Login page test (1 class)</span>
              </li>
              <li>
                <span class="test-name">Validating all links and pages present under Home page test (1 class)</span>
              </li>
            </ul>
          </div> <!-- main-panel-content rounded-window-bottom -->
        </div> <!-- panel -->
        <div panel-name="group-IS_Catalauge_Automation_Tests" class="panel">
          <div class="main-panel-header rounded-window-top">
            <span class="header-content">Groups for IS Catalauge Automation Tests</span>
          </div> <!-- main-panel-header rounded-window-top -->
          <div class="main-panel-content rounded-window-bottom">
          </div> <!-- main-panel-content rounded-window-bottom -->
        </div> <!-- panel -->
        <div panel-name="times-IS_Catalauge_Automation_Tests" class="panel">
          <div class="main-panel-header rounded-window-top">
            <span class="header-content">Times for IS Catalauge Automation Tests</span>
          </div> <!-- main-panel-header rounded-window-top -->
          <div class="main-panel-content rounded-window-bottom">
            <div class="times-div">
              <script type="text/javascript">
suiteTableInitFunctions.push('tableData_IS_Catalauge_Automation_Tests');
function tableData_IS_Catalauge_Automation_Tests() {
var data = new google.visualization.DataTable();
data.addColumn('number', 'Number');
data.addColumn('string', 'Method');
data.addColumn('string', 'Class');
data.addColumn('number', 'Time (ms)');
data.addRows(11);
data.setCell(0, 0, 0)
data.setCell(0, 1, 'VerifyCustomerEvidenceSearchPageFromHomepage')
data.setCell(0, 2, 'portfolio_test.user.TC02_HomePage')
data.setCell(0, 3, 30459);
data.setCell(1, 0, 1)
data.setCell(1, 1, 'verifyViewCampaignPageOnHomepage')
data.setCell(1, 2, 'portfolio_test.user.TC02_HomePage')
data.setCell(1, 3, 14023);
data.setCell(2, 0, 2)
data.setCell(2, 1, 'VerifyViewalltopoffersPageOnHomepage')
data.setCell(2, 2, 'portfolio_test.user.TC02_HomePage')
data.setCell(2, 3, 11066);
data.setCell(3, 0, 3)
data.setCell(3, 1, 'VerifyCloudManagementOperationsPageOnHomepage')
data.setCell(3, 2, 'portfolio_test.user.TC02_HomePage')
data.setCell(3, 3, 11046);
data.setCell(4, 0, 4)
data.setCell(4, 1, 'verifyCloudTransitionServicesPageOnHomepage')
data.setCell(4, 2, 'portfolio_test.user.TC02_HomePage')
data.setCell(4, 3, 11008);
data.setCell(5, 0, 5)
data.setCell(5, 1, 'verifyCatalogueNavigatorOnHomepage')
data.setCell(5, 2, 'portfolio_test.user.TC02_HomePage')
data.setCell(5, 3, 10642);
data.setCell(6, 0, 6)
data.setCell(6, 1, 'VerifyEurekaPageFromHomepage')
data.setCell(6, 2, 'portfolio_test.user.TC02_HomePage')
data.setCell(6, 3, 5676);
data.setCell(7, 0, 7)
data.setCell(7, 1, 'verifyCustomerEvidenceSectionOnHomepage')
data.setCell(7, 2, 'portfolio_test.user.TC02_HomePage')
data.setCell(7, 3, 5295);
data.setCell(8, 0, 8)
data.setCell(8, 1, 'VerifyProductInnovationDevelopmentServicesPageOnHomepage')
data.setCell(8, 2, 'portfolio_test.user.TC02_HomePage')
data.setCell(8, 3, 5024);
data.setCell(9, 0, 9)
data.setCell(9, 1, 'loginPageTitleTest')
data.setCell(9, 2, 'portfolio_test.user.TC01_UserLoginTest')
data.setCell(9, 3, 3041);
data.setCell(10, 0, 10)
data.setCell(10, 1, 'verifyHomepage')
data.setCell(10, 2, 'portfolio_test.user.TC02_HomePage')
data.setCell(10, 3, 10);
window.suiteTableData['IS_Catalauge_Automation_Tests']= { tableData: data, tableDiv: 'times-div-IS_Catalauge_Automation_Tests'}
return data;
}
              </script>
              <span class="suite-total-time">Total running time: 1 minutes</span>
              <div id="times-div-IS_Catalauge_Automation_Tests">
              </div> <!-- times-div-IS_Catalauge_Automation_Tests -->
            </div> <!-- times-div -->
          </div> <!-- main-panel-content rounded-window-bottom -->
        </div> <!-- panel -->
        <div panel-name="reporter-IS_Catalauge_Automation_Tests" class="panel">
          <div class="main-panel-header rounded-window-top">
            <span class="header-content">Reporter output for IS Catalauge Automation Tests</span>
          </div> <!-- main-panel-header rounded-window-top -->
          <div class="main-panel-content rounded-window-bottom">
          </div> <!-- main-panel-content rounded-window-bottom -->
        </div> <!-- panel -->
        <div panel-name="ignored-methods-IS_Catalauge_Automation_Tests" class="panel">
          <div class="main-panel-header rounded-window-top">
            <span class="header-content">1 ignored method</span>
          </div> <!-- main-panel-header rounded-window-top -->
          <div class="main-panel-content rounded-window-bottom">
            <div class="ignored-class-div">
              <span class="ignored-class-name">portfolio_test.user.TC02_HomePage</span>
              <div class="ignored-methods-div">
                <span class="ignored-method-name">testBrokenLinks</span>
                <br/>
              </div> <!-- ignored-methods-div -->
            </div> <!-- ignored-class-div -->
          </div> <!-- main-panel-content rounded-window-bottom -->
        </div> <!-- panel -->
        <div panel-name="chronological-IS_Catalauge_Automation_Tests" class="panel">
          <div class="main-panel-header rounded-window-top">
            <span class="header-content">Methods in chronological order</span>
          </div> <!-- main-panel-header rounded-window-top -->
          <div class="main-panel-content rounded-window-bottom">
            <div class="chronological-class">
              <div class="chronological-class-name">portfolio_test.user.TC01_UserLoginTest</div> <!-- chronological-class-name -->
              <div class="configuration-test before">
                <span class="method-name">initialize</span>
                <span class="method-start">0 ms</span>
              </div> <!-- configuration-test before -->
              <div class="test-method">
                <span class="method-name">loginPageTitleTest</span>
                <span class="method-start">49814 ms</span>
              </div> <!-- test-method -->
              <div class="configuration-test after">
                <span class="method-name">teardown</span>
                <span class="method-start">52867 ms</span>
              </div> <!-- configuration-test after -->
            </div> <!-- chronological-class -->
            <div class="chronological-class">
              <div class="chronological-class-name">portfolio_test.user.TC02_HomePage</div> <!-- chronological-class-name -->
              <div class="configuration-test before">
                <span class="method-name">initialize</span>
                <span class="method-start">54130 ms</span>
              </div> <!-- configuration-test before -->
              <div class="test-method">
                <span class="method-name">verifyHomepage</span>
                <span class="method-start">101606 ms</span>
              </div> <!-- test-method -->
              <div class="test-method">
                <span class="method-name">verifyCatalogueNavigatorOnHomepage</span>
                <span class="method-start">101616 ms</span>
              </div> <!-- test-method -->
              <div class="test-method">
                <span class="method-name">verifyCustomerEvidenceSectionOnHomepage</span>
                <span class="method-start">112259 ms</span>
              </div> <!-- test-method -->
              <div class="test-method">
                <span class="method-name">verifyViewCampaignPageOnHomepage</span>
                <span class="method-start">117554 ms</span>
              </div> <!-- test-method -->
              <div class="test-method">
                <span class="method-name">verifyCloudTransitionServicesPageOnHomepage</span>
                <span class="method-start">131579 ms</span>
              </div> <!-- test-method -->
              <div class="test-method">
                <span class="method-name">VerifyCloudManagementOperationsPageOnHomepage</span>
                <span class="method-start">142589 ms</span>
              </div> <!-- test-method -->
              <div class="test-method">
                <img src="failed.png">
                </img>
                <span class="method-name">VerifyProductInnovationDevelopmentServicesPageOnHomepage</span>
                <span class="method-start">153637 ms</span>
              </div> <!-- test-method -->
              <div class="test-method">
                <span class="method-name">VerifyViewalltopoffersPageOnHomepage</span>
                <span class="method-start">159752 ms</span>
              </div> <!-- test-method -->
              <div class="test-method">
                <span class="method-name">VerifyCustomerEvidenceSearchPageFromHomepage</span>
                <span class="method-start">170818 ms</span>
              </div> <!-- test-method -->
              <div class="test-method">
                <span class="method-name">VerifyEurekaPageFromHomepage</span>
                <span class="method-start">201277 ms</span>
              </div> <!-- test-method -->
              <div class="configuration-test after">
                <span class="method-name">teardown</span>
                <span class="method-start">206953 ms</span>
              </div> <!-- configuration-test after -->
          </div> <!-- main-panel-content rounded-window-bottom -->
        </div> <!-- panel -->
      </div> <!-- main-panel-root -->
    </div> <!-- wrapper -->
  </body>
</html>
