<?xml version="1.0" encoding="UTF-8"?>
<!-- Generated by org.testng.reporters.JUnitXMLReporter -->
<testsuite hostname="HJNZL000593" failures="0" tests="26" name="Validating all links and pages present under Customer Evidence menu test" time="21.1" errors="0" timestamp="17 Aug 2023 05:23:36 GMT">
  <testcase classname="portfolio_test.user.TC04_CustomerTest" name="@BeforeTest initialize" time="0.0">
    <failure type="org.openqa.selenium.json.JsonException" message="java.lang.reflect.InvocationTargetException
Build info: version: &amp;apos;3.141.59&amp;apos;, revision: &amp;apos;e82be7d358&amp;apos;, time: &amp;apos;2018-11-14T08:17:03&amp;apos;
System info: host: &amp;apos;HJNZL000593&amp;apos;, ip: &amp;apos;192.168.183.81&amp;apos;, os.name: &amp;apos;Windows 11&amp;apos;, os.arch: &amp;apos;amd64&amp;apos;, os.version: &amp;apos;10.0&amp;apos;, java.version: &amp;apos;18.0.2.1&amp;apos;
Driver info: driver.version: RemoteWebDriver">
      <![CDATA[org.openqa.selenium.json.JsonException: java.lang.reflect.InvocationTargetException
Build info: version: '3.141.59', revision: 'e82be7d358', time: '2018-11-14T08:17:03'
System info: host: 'HJNZL000593', ip: '192.168.183.81', os.name: 'Windows 11', os.arch: 'amd64', os.version: '10.0', java.version: '18.0.2.1'
Driver info: driver.version: RemoteWebDriver
	at org.openqa.selenium.json.JsonOutput.convertUsingMethod(JsonOutput.java:332)
	at org.openqa.selenium.json.JsonOutput.lambda$new$16(JsonOutput.java:155)
	at org.openqa.selenium.json.JsonOutput.write(JsonOutput.java:264)
	at org.openqa.selenium.json.JsonOutput.lambda$null$21(JsonOutput.java:168)
	at java.base/java.util.LinkedHashMap$LinkedValues.forEach(LinkedHashMap.java:647)
	at org.openqa.selenium.json.JsonOutput.lambda$new$22(JsonOutput.java:168)
	at org.openqa.selenium.json.JsonOutput.write(JsonOutput.java:264)
	at org.openqa.selenium.json.JsonOutput.lambda$null$23(JsonOutput.java:177)
	at com.google.common.collect.SingletonImmutableBiMap.forEach(SingletonImmutableBiMap.java:65)
	at org.openqa.selenium.json.JsonOutput.lambda$new$24(JsonOutput.java:176)
	at org.openqa.selenium.json.JsonOutput.write(JsonOutput.java:264)
	at org.openqa.selenium.json.JsonOutput.write(JsonOutput.java:255)
	at org.openqa.selenium.json.Json.toJson(Json.java:42)
	at org.openqa.selenium.remote.http.AbstractHttpCommandCodec.encode(AbstractHttpCommandCodec.java:227)
	at org.openqa.selenium.remote.http.AbstractHttpCommandCodec.encode(AbstractHttpCommandCodec.java:117)
	at org.openqa.selenium.remote.HttpCommandExecutor.execute(HttpCommandExecutor.java:152)
	at org.openqa.selenium.remote.service.DriverCommandExecutor.execute(DriverCommandExecutor.java:83)
	at org.openqa.selenium.remote.RemoteWebDriver.execute(RemoteWebDriver.java:552)
	at org.openqa.selenium.remote.RemoteWebDriver.perform(RemoteWebDriver.java:618)
	at org.openqa.selenium.interactions.Actions$BuiltAction.perform(Actions.java:639)
	at org.openqa.selenium.interactions.Actions.perform(Actions.java:595)
	at resources.Utilities.clickOnElementUsingActions(Utilities.java:111)
	at pageObjects.LoginPage.clickOnUserButton(LoginPage.java:50)
	at portfolio_test.user.TC04_CustomerTest.initialize(TC04_CustomerTest.java:48)
	Suppressed: org.openqa.selenium.json.JsonException: Attempting to close incomplete json stream
Build info: version: '3.141.59', revision: 'e82be7d358', time: '2018-11-14T08:17:03'
System info: host: 'HJNZL000593', ip: '192.168.183.81', os.name: 'Windows 11', os.arch: 'amd64', os.version: '10.0', java.version: '18.0.2.1'
Driver info: driver.version: RemoteWebDriver
		at org.openqa.selenium.json.JsonOutput.close(JsonOutput.java:279)
		at org.openqa.selenium.json.Json.toJson(Json.java:44)
		... 31 more
	at org.openqa.selenium.json.JsonOutput.convertUsingMethod(JsonOutput.java:328)
	... 43 more
Caused by: org.openqa.selenium.NoSuchElementException: no such element: Unable to locate element: {"method":"xpath","selector":"//div[contains(text(),'Sapna Kshirsagar (Persistent Systems Inc)')]"}
  (Session info: MicrosoftEdge=115.0.1901.203)
For documentation on this error, please visit: https://www.seleniumhq.org/exceptions/no_such_element.html
Build info: version: '3.141.59', revision: 'e82be7d358', time: '2018-11-14T08:17:03'
System info: host: 'HJNZL000593', ip: '192.168.183.81', os.name: 'Windows 11', os.arch: 'amd64', os.version: '10.0', java.version: '18.0.2.1'
Driver info: org.openqa.selenium.edge.EdgeDriver
Capabilities {acceptInsecureCerts: false, browserName: msedge, browserVersion: 115.0.1901.203, javascriptEnabled: true, ms:edgeOptions: {debuggerAddress: localhost:50133}, msedge: {msedgedriverVersion: 115.0.1901.203 (a5a2b1779bc..., userDataDir: C:\Users\V-SPED~1\AppData\L...}, networkConnectionEnabled: false, pageLoadStrategy: normal, platform: WINDOWS, platformName: WINDOWS, proxy: Proxy(), setWindowRect: true, strictFileInteractability: false, timeouts: {implicit: 0, pageLoad: 300000, script: 30000}, unhandledPromptBehavior: dismiss and notify, webauthn:extension:credBlob: true, webauthn:extension:largeBlob: true, webauthn:extension:minPinLength: true, webauthn:extension:prf: true, webauthn:virtualAuthenticators: true}
Session ID: 0e6e62c25434747f82b7edb0714672c9
*** Element info: {Using=xpath, value=//div[contains(text(),'Sapna Kshirsagar (Persistent Systems Inc)')]}
	at org.openqa.selenium.remote.http.W3CHttpResponseCodec.createException(W3CHttpResponseCodec.java:187)
	at org.openqa.selenium.remote.http.W3CHttpResponseCodec.decode(W3CHttpResponseCodec.java:122)
	at org.openqa.selenium.remote.http.W3CHttpResponseCodec.decode(W3CHttpResponseCodec.java:49)
	at org.openqa.selenium.remote.HttpCommandExecutor.execute(HttpCommandExecutor.java:158)
	at org.openqa.selenium.remote.service.DriverCommandExecutor.execute(DriverCommandExecutor.java:83)
	at org.openqa.selenium.remote.RemoteWebDriver.execute(RemoteWebDriver.java:552)
	at org.openqa.selenium.remote.RemoteWebDriver.findElement(RemoteWebDriver.java:323)
	at org.openqa.selenium.remote.RemoteWebDriver.findElementByXPath(RemoteWebDriver.java:428)
	at org.openqa.selenium.By$ByXPath.findElement(By.java:353)
	at org.openqa.selenium.remote.RemoteWebDriver.findElement(RemoteWebDriver.java:315)
	at org.openqa.selenium.support.pagefactory.DefaultElementLocator.findElement(DefaultElementLocator.java:69)
	at org.openqa.selenium.support.pagefactory.internal.LocatingElementHandler.invoke(LocatingElementHandler.java:38)
	at jdk.proxy2/jdk.proxy2.$Proxy27.getWrappedElement(Unknown Source)
	at org.openqa.selenium.interactions.PointerInput$Origin.asArg(PointerInput.java:204)
	at org.openqa.selenium.interactions.PointerInput$Move.encode(PointerInput.java:155)
	at org.openqa.selenium.interactions.Sequence.encode(Sequence.java:75)
	at org.openqa.selenium.interactions.Sequence.toJson(Sequence.java:84)
	... 45 more
... Removed 27 stack frames]]>
    </failure>
  </testcase> <!-- @BeforeTest initialize -->
  <testcase classname="portfolio_test.user.TC04_CustomerTest" name="@AfterTest teardown" time="0.0">
    <skipped/>
  </testcase> <!-- @AfterTest teardown -->
  <testcase classname="portfolio_test.user.TC04_CustomerTest" name="verifyCustomerEvidanceHomePageOnCustomerEvidence" time="0.0">
    <skipped/>
  </testcase> <!-- verifyCustomerEvidanceHomePageOnCustomerEvidence -->
  <testcase classname="portfolio_test.user.TC04_CustomerTest" name="verifysubmitNewStoryPageOnCustomerEvidence" time="0.006">
    <skipped/>
  </testcase> <!-- verifysubmitNewStoryPageOnCustomerEvidence -->
  <testcase classname="portfolio_test.user.TC04_CustomerTest" name="verifyCustomerEvidanceSearchFunctionOnCustomerEvidence" time="0.003">
    <skipped/>
  </testcase> <!-- verifyCustomerEvidanceSearchFunctionOnCustomerEvidence -->
  <testcase classname="portfolio_test.user.TC04_CustomerTest" name="verifyMobilityCustomerStoriesSearchButtonOnCustomerEvidence" time="0.0">
    <skipped/>
  </testcase> <!-- verifyMobilityCustomerStoriesSearchButtonOnCustomerEvidence -->
  <testcase classname="portfolio_test.user.TC04_CustomerTest" name="verifyCrossIndustryCustomerStoriesSearchButtonOnCustomerEvidence" time="0.0">
    <skipped/>
  </testcase> <!-- verifyCrossIndustryCustomerStoriesSearchButtonOnCustomerEvidence -->
  <testcase classname="portfolio_test.user.TC04_CustomerTest" name="verifyDefenseandIntelligenceCustomerStoriesSearchButtonOnCustomerEvidence" time="0.007">
    <skipped/>
  </testcase> <!-- verifyDefenseandIntelligenceCustomerStoriesSearchButtonOnCustomerEvidence -->
  <testcase classname="portfolio_test.user.TC04_CustomerTest" name="verifyEducationCustomerStoriesSearchButtonOnCustomerEvidence" time="0.002">
    <skipped/>
  </testcase> <!-- verifyEducationCustomerStoriesSearchButtonOnCustomerEvidence -->
  <testcase classname="portfolio_test.user.TC04_CustomerTest" name="verifyEnergyCustomerStoriesSearchButtonOnCustomerEvidence" time="0.003">
    <skipped/>
  </testcase> <!-- verifyEnergyCustomerStoriesSearchButtonOnCustomerEvidence -->
  <testcase classname="portfolio_test.user.TC04_CustomerTest" name="verifyFinancialServicesCustomerStoriesSearchButtonOnCustomerEvidence" time="0.0">
    <skipped/>
  </testcase> <!-- verifyFinancialServicesCustomerStoriesSearchButtonOnCustomerEvidence -->
  <testcase classname="portfolio_test.user.TC04_CustomerTest" name="verifyGovernmentCustomerStoriesSearchButtonOnCustomerEvidence" time="0.0">
    <skipped/>
  </testcase> <!-- verifyGovernmentCustomerStoriesSearchButtonOnCustomerEvidence -->
  <testcase classname="portfolio_test.user.TC04_CustomerTest" name="verifyHealthcareCustomerStoriesSearchButtonOnCustomerEvidence" time="0.001">
    <skipped/>
  </testcase> <!-- verifyHealthcareCustomerStoriesSearchButtonOnCustomerEvidence -->
  <testcase classname="portfolio_test.user.TC04_CustomerTest" name="verifyIndustrialandManufacturingCustomerStoriesSearchButtonOnCustomerEvidence" time="0.003">
    <skipped/>
  </testcase> <!-- verifyIndustrialandManufacturingCustomerStoriesSearchButtonOnCustomerEvidence -->
  <testcase classname="portfolio_test.user.TC04_CustomerTest" name="verifyRetailandConsumerGoodsCustomerStoriesSearchButtonOnCustomerEvidence" time="0.001">
    <skipped/>
  </testcase> <!-- verifyRetailandConsumerGoodsCustomerStoriesSearchButtonOnCustomerEvidence -->
  <testcase classname="portfolio_test.user.TC04_CustomerTest" name="verifySustainabilityCustomerStoriesSearchButtonOnCustomerEvidence" time="0.0">
    <skipped/>
  </testcase> <!-- verifySustainabilityCustomerStoriesSearchButtonOnCustomerEvidence -->
  <testcase classname="portfolio_test.user.TC04_CustomerTest" name="verifyTelecommunicationsandMediaCustomerStoriesSearchButtonOnCustomerEvidence" time="0.008">
    <skipped/>
  </testcase> <!-- verifyTelecommunicationsandMediaCustomerStoriesSearchButtonOnCustomerEvidence -->
  <testcase classname="portfolio_test.user.TC04_CustomerTest" name="verifyBusinessAppsCustomerStoriesSearchButtonOnCustomerEvidence" time="0.002">
    <skipped/>
  </testcase> <!-- verifyBusinessAppsCustomerStoriesSearchButtonOnCustomerEvidence -->
  <testcase classname="portfolio_test.user.TC04_CustomerTest" name="verifyDataAICustomerStoriesSearchButtonOnCustomerEvidence" time="0.0">
    <skipped/>
  </testcase> <!-- verifyDataAICustomerStoriesSearchButtonOnCustomerEvidence -->
  <testcase classname="portfolio_test.user.TC04_CustomerTest" name="verifyDigitalandApplicationInnovationCustomerStoriesSearchButtonOnCustomerEvidence" time="0.008">
    <skipped/>
  </testcase> <!-- verifyDigitalandApplicationInnovationCustomerStoriesSearchButtonOnCustomerEvidence -->
  <testcase classname="portfolio_test.user.TC04_CustomerTest" name="verifyInfrastructureCustomerStoriesSearchButtonOnCustomerEvidence" time="0.0">
    <skipped/>
  </testcase> <!-- verifyInfrastructureCustomerStoriesSearchButtonOnCustomerEvidence -->
  <testcase classname="portfolio_test.user.TC04_CustomerTest" name="verifyModernWorkCustomerStoriesSearchButtonOnCustomerEvidence" time="0.005">
    <skipped/>
  </testcase> <!-- verifyModernWorkCustomerStoriesSearchButtonOnCustomerEvidence -->
  <testcase classname="portfolio_test.user.TC04_CustomerTest" name="verifySecurityCustomerStoriesSearchButtonOnCustomerEvidence" time="0.002">
    <skipped/>
  </testcase> <!-- verifySecurityCustomerStoriesSearchButtonOnCustomerEvidence -->
  <testcase classname="portfolio_test.user.TC04_CustomerTest" name="verifyWinWiresCustomerStoriesSearchButtonOnCustomerEvidence" time="0.0">
    <skipped/>
  </testcase> <!-- verifyWinWiresCustomerStoriesSearchButtonOnCustomerEvidence -->
  <testcase classname="portfolio_test.user.TC04_CustomerTest" name="verifyDeliveryStoriesCustomerStoriesSearchButtonOnCustomerEvidence" time="0.001">
    <skipped/>
  </testcase> <!-- verifyDeliveryStoriesCustomerStoriesSearchButtonOnCustomerEvidence -->
  <testcase classname="portfolio_test.user.TC04_CustomerTest" name="verifyclickOncustomerEvidenceWinWiresMenuButtonOnCustomerEvidence" time="0.0">
    <skipped/>
  </testcase> <!-- verifyclickOncustomerEvidenceWinWiresMenuButtonOnCustomerEvidence -->
  <testcase classname="portfolio_test.user.TC04_CustomerTest" name="verifyCustomerEvidenceDeliveryStoriesMenuButtonOnCustomerEvidence" time="0.0">
    <skipped/>
  </testcase> <!-- verifyCustomerEvidenceDeliveryStoriesMenuButtonOnCustomerEvidence -->
  <testcase classname="portfolio_test.user.TC04_CustomerTest" name="verifyCustomerHubOncustomerEvidence" time="0.003">
    <skipped/>
  </testcase> <!-- verifyCustomerHubOncustomerEvidence -->
</testsuite> <!-- Validating all links and pages present under Customer Evidence menu test -->
