<?xml version="1.0" encoding="UTF-8"?>
<!-- Generated by org.testng.reporters.JUnitReportReporter -->
<testsuite hostname="HJNZL000593" failures="0" tests="8" name="portfolio_test.user.TC07_SolutionPlayPage" time="39.966" errors="1" timestamp="24 Nov 2023 11:55:00 GMT">
  <testcase classname="portfolio_test.user.TC07_SolutionPlayPage" name="verifyCustomerHubPageFromSolutionPlay" time="16.521"/>
  <testcase classname="portfolio_test.user.TC07_SolutionPlayPage" name="VerifyCatalogueOfferSectionOfSolutionPlay" time="2.045"/>
  <testcase classname="portfolio_test.user.TC07_SolutionPlayPage" name="VerifyArtifactSectionOfSolutionPlay" time="5.270"/>
  <testcase classname="portfolio_test.user.TC07_SolutionPlayPage" name="VerifyEvidenceSectionOfSolutionPlay" time="0.029"/>
  <testcase classname="portfolio_test.user.TC07_SolutionPlayPage" name="verify_SolutionPlay" time="0.007"/>
  <testcase classname="portfolio_test.user.TC07_SolutionPlayPage" name="VerifySeeAllCustomerEvidenceSearchPageFromSolutionPlayPage" time="11.497"/>
  <testcase classname="portfolio_test.user.TC07_SolutionPlayPage" name="VerifyBoMSectionOfSolutionPlay" time="4.555"/>
  <testcase classname="portfolio_test.user.TC07_SolutionPlayPage" name="VerifyKeyMaterialsSectionOfSolutionPlay" time="0.042">
    <error message="expected [true] but found [false]" type="java.lang.AssertionError">
      <![CDATA[java.lang.AssertionError: expected [true] but found [false]
	at org.testng.Assert.fail(Assert.java:94)
	at org.testng.Assert.failNotEquals(Assert.java:494)
	at org.testng.Assert.assertTrue(Assert.java:42)
	at org.testng.Assert.assertTrue(Assert.java:52)
	at portfolio_test.user.TC07_SolutionPlayPage.VerifyKeyMaterialsSectionOfSolutionPlay(TC07_SolutionPlayPage.java:70)
	at java.base/jdk.internal.reflect.DirectMethodHandleAccessor.invoke(DirectMethodHandleAccessor.java:104)
	at java.base/java.lang.reflect.Method.invoke(Method.java:577)
	at org.testng.internal.MethodInvocationHelper.invokeMethod(MethodInvocationHelper.java:80)
	at org.testng.internal.Invoker.invokeMethod(Invoker.java:714)
	at org.testng.internal.Invoker.invokeTestMethod(Invoker.java:901)
	at org.testng.internal.Invoker.invokeTestMethods(Invoker.java:1231)
	at org.testng.internal.TestMethodWorker.invokeTestMethods(TestMethodWorker.java:127)
	at org.testng.internal.TestMethodWorker.run(TestMethodWorker.java:111)
	at org.testng.TestRunner.privateRun(TestRunner.java:767)
	at org.testng.TestRunner.run(TestRunner.java:617)
	at org.testng.SuiteRunner.runTest(SuiteRunner.java:334)
	at org.testng.SuiteRunner.runSequentially(SuiteRunner.java:329)
	at org.testng.SuiteRunner.privateRun(SuiteRunner.java:291)
	at org.testng.SuiteRunner.run(SuiteRunner.java:240)
	at org.testng.SuiteRunnerWorker.runSuite(SuiteRunnerWorker.java:52)
	at org.testng.SuiteRunnerWorker.run(SuiteRunnerWorker.java:86)
	at org.testng.TestNG.runSuitesSequentially(TestNG.java:1198)
	at org.testng.TestNG.runSuitesLocally(TestNG.java:1123)
	at org.testng.TestNG.run(TestNG.java:1031)
	at org.testng.remote.AbstractRemoteTestNG.run(AbstractRemoteTestNG.java:115)
	at org.testng.remote.RemoteTestNG.initAndRun(RemoteTestNG.java:251)
	at org.testng.remote.RemoteTestNG.main(RemoteTestNG.java:77)
]]>
    </error>
  </testcase> <!-- VerifyKeyMaterialsSectionOfSolutionPlay -->
</testsuite> <!-- portfolio_test.user.TC07_SolutionPlayPage -->
